New log file opened at Thu May 21 01:18:37 COT 2015 by 267048@ISIS2503-33
Sending msg to client activator-7d34b75f-8f94-4ba0-ba40-0fc74cfb2023: DetachedLogEvent(LogMessage(debug,sbt server socket logs are in: C:\Users\template\Grupo-6\Grupo-6\arquisoft-app\.sbtserver\connections\master.log))
Sending msg to client activator-7d34b75f-8f94-4ba0-ba40-0fc74cfb2023: DetachedLogEvent(LogMessage(debug,sbt general server logs are in: C:\Users\template\Grupo-6\Grupo-6\arquisoft-app\.sbtserver\master.log))
Sending msg to client activator-7d34b75f-8f94-4ba0-ba40-0fc74cfb2023: DetachedLogEvent(LogMessage(debug,sbt client logs are in: C:\Users\template\Grupo-6\Grupo-6\arquisoft-app\.sbtserver\connections\activator-7d34b75f-8f94-4ba0-ba40-0fc74cfb2023.log))
Reading next message from client.
Got request: ListenToEvents()
Reading next message from client.
Got request: ListenToBuildChange()
Reading next message from client.
Got request: SendSyntheticBuildChanged()
Reading next message from client.
Sending msg to client activator-7d34b75f-8f94-4ba0-ba40-0fc74cfb2023: (3,ReceivedResponse())
Got request: KeyLookupRequest(discoveredMainClasses)
Reading next message from client.
Got request: KeyLookupRequest(mainClass)
Reading next message from client.
Got request: KeyLookupRequest(echo:echoTraceSupported)
Reading next message from client.
Got request: KeyLookupRequest(echo:echoPlayVersionReport)
Reading next message from client.
Got request: KeyLookupRequest(echo:echoAkkaVersionReport)
Reading next message from client.
Got request: KeyLookupRequest(echo:echoTracePlayVersion)
Reading next message from client.
Sending msg to client activator-7d34b75f-8f94-4ba0-ba40-0fc74cfb2023: DetachedLogEvent(LogMessage(debug,> initialize))
Sending msg to client activator-7d34b75f-8f94-4ba0-ba40-0fc74cfb2023: DetachedLogEvent(LogMessage(debug,> onFailure load-failed))
Sending msg to client activator-7d34b75f-8f94-4ba0-ba40-0fc74cfb2023: DetachedLogEvent(LogMessage(debug,> boot))
Sending msg to client activator-7d34b75f-8f94-4ba0-ba40-0fc74cfb2023: DetachedLogEvent(LogMessage(debug,> reload))
Sending msg to client activator-7d34b75f-8f94-4ba0-ba40-0fc74cfb2023: DetachedLogEvent(LogMessage(debug,[Loading] Scanning directory C:\Users\template\Grupo-6\Grupo-6\arquisoft-app\project))
Sending msg to client activator-7d34b75f-8f94-4ba0-ba40-0fc74cfb2023: DetachedLogEvent(LogMessage(debug,[Loading] Found non-root projects ))
Sending msg to client activator-7d34b75f-8f94-4ba0-ba40-0fc74cfb2023: DetachedLogEvent(LogMessage(debug,[Loading] Done in C:\Users\template\Grupo-6\Grupo-6\arquisoft-app\project, returning: ()))
Sending msg to client activator-7d34b75f-8f94-4ba0-ba40-0fc74cfb2023: DetachedLogEvent(LogMessage(debug,deducing auto plugins based on known facts Set(Atom(sbt.plugins.CorePlugin)) and clauses Clauses(List(Clause(Atom(sbt.plugins.JvmPlugin),Set(Atom(sbt.plugins.IvyPlugin))), Clause(Atom(sbt.plugins.JUnitXmlReportPlugin),Set(Atom(sbt.plugins.JvmPlugin))), Clause(Atom(sbt.plugins.CorePlugin),Set(Atom(sbt.plugins.IvyPlugin))), Clause(Atom(sbt.plugins.IvyPlugin),Set(Atom(sbt.plugins.JvmPlugin))), Clause(Atom(sbt.plugins.JvmPlugin),Set(Atom(sbt.plugins.JUnitXmlReportPlugin)))))))
Sending msg to client activator-7d34b75f-8f94-4ba0-ba40-0fc74cfb2023: DetachedLogEvent(LogMessage(debug,  :: deduced result: Matched(sbt.plugins.CorePlugin,sbt.plugins.IvyPlugin,sbt.plugins.JvmPlugin,sbt.plugins.JUnitXmlReportPlugin)))
Sending msg to client activator-7d34b75f-8f94-4ba0-ba40-0fc74cfb2023: DetachedLogEvent(LogMessage(debug,sorting: ns: List(sbt.plugins.CorePlugin, sbt.plugins.IvyPlugin, sbt.plugins.JvmPlugin, sbt.plugins.JUnitXmlReportPlugin)))
Sending msg to client activator-7d34b75f-8f94-4ba0-ba40-0fc74cfb2023: DetachedLogEvent(LogMessage(debug,  :: sorting:: found: List(sbt.plugins.CorePlugin) not found List(sbt.plugins.IvyPlugin, sbt.plugins.JvmPlugin, sbt.plugins.JUnitXmlReportPlugin)))
Sending msg to client activator-7d34b75f-8f94-4ba0-ba40-0fc74cfb2023: DetachedLogEvent(LogMessage(debug,  :: sorting:: found: List(sbt.plugins.CorePlugin, sbt.plugins.IvyPlugin) not found List(sbt.plugins.JvmPlugin, sbt.plugins.JUnitXmlReportPlugin)))
Sending msg to client activator-7d34b75f-8f94-4ba0-ba40-0fc74cfb2023: DetachedLogEvent(LogMessage(debug,  :: sorting:: found: List(sbt.plugins.CorePlugin, sbt.plugins.IvyPlugin, sbt.plugins.JvmPlugin) not found List(sbt.plugins.JUnitXmlReportPlugin)))
Sending msg to client activator-7d34b75f-8f94-4ba0-ba40-0fc74cfb2023: DetachedLogEvent(LogMessage(debug,  :: sorting:: found: List(sbt.plugins.CorePlugin, sbt.plugins.IvyPlugin, sbt.plugins.JvmPlugin, sbt.plugins.JUnitXmlReportPlugin) not found List()))
Sending msg to client activator-7d34b75f-8f94-4ba0-ba40-0fc74cfb2023: DetachedLogEvent(LogMessage(debug,  :: sorted deduced result: List(sbt.plugins.CorePlugin, sbt.plugins.IvyPlugin, sbt.plugins.JvmPlugin, sbt.plugins.JUnitXmlReportPlugin)))
Sending msg to client activator-7d34b75f-8f94-4ba0-ba40-0fc74cfb2023: DetachedLogEvent(LogMessage(debug,[Loading] Done in C:\Users\template\Grupo-6\Grupo-6\arquisoft-app\project, returning: (arquisoft-app-build)))
Sending msg to client activator-7d34b75f-8f94-4ba0-ba40-0fc74cfb2023: DetachedLogEvent(LogMessage(info,Loading project definition from C:\Users\template\Grupo-6\Grupo-6\arquisoft-app\project))
Sending msg to client activator-7d34b75f-8f94-4ba0-ba40-0fc74cfb2023: DetachedLogEvent(LogMessage(debug,Running task... Cancel: sbt.TaskCancellationStrategy$Null$@1319717a, check cycles: false))
Sending msg to client activator-7d34b75f-8f94-4ba0-ba40-0fc74cfb2023: DetachedLogEvent(LogMessage(debug,
Initial source changes: 
	removed:Set()
	added: Set()
	modified: Set()
Removed products: Set()
External API changes: API Changes: Set()
Modified binary dependencies: Set()
Initial directly invalidated sources: Set()

Sources indirectly invalidated by:
	product: Set()
	binary dep: Set()
	external source: Set()))
Sending msg to client activator-7d34b75f-8f94-4ba0-ba40-0fc74cfb2023: DetachedLogEvent(LogMessage(debug,All initially invalidated sources: Set()
))
Sending msg to client activator-7d34b75f-8f94-4ba0-ba40-0fc74cfb2023: DetachedLogEvent(LogMessage(debug,Copy resource mappings: 
	))
Sending msg to client activator-7d34b75f-8f94-4ba0-ba40-0fc74cfb2023: DetachedLogEvent(LogMessage(debug,[Loading] Scanning directory C:\Users\template\Grupo-6\Grupo-6\arquisoft-app))
Got request: UnlistenToEvents()
Reading next message from client.
Sending msg to client activator-7d34b75f-8f94-4ba0-ba40-0fc74cfb2023: (12,ReceivedResponse())
Got request: UnlistenToBuildChange()
Reading next message from client.
Client activator-7d34b75f-8f94-4ba0-ba40-0fc74cfb2023 EOF, shutting down.
Stopping client.
Dropping message (12,ReceivedResponse()) because client activator-7d34b75f-8f94-4ba0-ba40-0fc74cfb2023 of an exception serializing and sending: java.net.SocketException: socket is closed
stack trace sending message was 
java.net.SocketException: socket is closed
	at sbt.impl.ipc.Peer.send(IPC.scala:74)
	at sbt.impl.ipc.Peer.reply(IPC.scala:88)
	at sbt.impl.ipc.Peer.replyString(IPC.scala:111)
	at sbt.impl.ipc.Peer.replyJson(IPC.scala:124)
	at sbt.server.SbtClientHandler$$anonfun$reply$1.apply$mcV$sp(SbtClientHandler.scala:132)
	at sbt.server.SbtClientHandler.wrappedSend(SbtClientHandler.scala:113)
	at sbt.server.SbtClientHandler.reply(SbtClientHandler.scala:132)
	at sbt.server.RequestProcessor.unlistenToEvents(RequestProcessor.scala:344)
	at sbt.server.RequestProcessor.handleRequestsNoBuildState(RequestProcessor.scala:363)
	at sbt.server.RequestProcessor.drainRequests$1(RequestProcessor.scala:296)
	at sbt.server.RequestProcessor.run(RequestProcessor.scala:306)
Dropping message (0,ReceivedResponse()) to dead client activator-7d34b75f-8f94-4ba0-ba40-0fc74cfb2023
Client activator-7d34b75f-8f94-4ba0-ba40-0fc74cfb2023 thread exiting.
Dropping message (4,ReceivedResponse()) to dead client activator-7d34b75f-8f94-4ba0-ba40-0fc74cfb2023
Dropping message BuildStructureChanged(MinimalBuildStructure(Vector(file:/C:/Users/template/Grupo-6/Grupo-6/arquisoft-app/),Vector(MinimalProjectStructure(ProjectReference(file:/C:/Users/template/Grupo-6/Grupo-6/arquisoft-app/,root),Vector(sbt.plugins.CorePlugin, com.typesafe.sbt.web.SbtWeb, sbt.plugins.InteractionServicePlugin, sbt.plugins.SendEventServicePlugin, sbt.plugins.SerializersPlugin, sbt.plugins.IvyPlugin, com.typesafe.sbt.webdriver.SbtWebDriver, com.typesafe.sbt.jse.SbtJsEngine, com.typesafe.sbt.digest.SbtDigest, sbt.plugins.JvmPlugin, com.typesafe.sbt.jse.SbtJsTask, play.twirl.sbt.SbtTwirl, com.typesafe.sbt.jshint.SbtJSHint, sbt.plugins.JUnitXmlReportPlugin, com.typesafe.sbt.mocha.SbtMocha, com.typesafe.sbt.less.SbtLess, com.typesafe.sbt.rjs.SbtRjs, com.typesafe.sbt.coffeescript.SbtCoffeeScript, sbt.plugins.BackgroundRunPlugin, play.Play, play.PlayJava, play.sbt.forkrun.PlayForkRun))))) to dead client activator-7d34b75f-8f94-4ba0-ba40-0fc74cfb2023
Dropping message (6,KeyLookupResponse(discoveredMainClasses,Vector(AttributeKey[scala.collection.Seq[java.lang.String]]("discoveredMainClasses") in Scope(Build: file:/C:/Users/template/Grupo-6/Grupo-6/arquisoft-app/, , Project: ProjectReference(file:/C:/Users/template/Grupo-6/Grupo-6/arquisoft-app/,root), Config: compile)))) to dead client activator-7d34b75f-8f94-4ba0-ba40-0fc74cfb2023
Dropping message (7,KeyLookupResponse(mainClass,Vector(AttributeKey[scala.Option[java.lang.String]]("mainClass") in Scope(Build: file:/C:/Users/template/Grupo-6/Grupo-6/arquisoft-app/, , Project: ProjectReference(file:/C:/Users/template/Grupo-6/Grupo-6/arquisoft-app/,root), Config: compile)))) to dead client activator-7d34b75f-8f94-4ba0-ba40-0fc74cfb2023
Dropping message (8,KeyLookupResponse(echo:echoTraceSupported,Vector())) to dead client activator-7d34b75f-8f94-4ba0-ba40-0fc74cfb2023
Dropping message (9,KeyLookupResponse(echo:echoPlayVersionReport,Vector())) to dead client activator-7d34b75f-8f94-4ba0-ba40-0fc74cfb2023
Dropping message (10,KeyLookupResponse(echo:echoAkkaVersionReport,Vector())) to dead client activator-7d34b75f-8f94-4ba0-ba40-0fc74cfb2023
Dropping message (11,KeyLookupResponse(echo:echoTracePlayVersion,Vector())) to dead client activator-7d34b75f-8f94-4ba0-ba40-0fc74cfb2023
Dropping message (13,ReceivedResponse()) to dead client activator-7d34b75f-8f94-4ba0-ba40-0fc74cfb2023
