New log file opened at Mon May 11 18:33:08 COT 2015 by 267260@ISIS2503-33
Taking next connection to: 65130
New client attempting to connect on port: 65131-65130
  Address = /172.24.99.183:65130
This client on port 65131 has uuid 9cdba772-e3b6-4309-880b-842730babc5b configName activator humanReadableName Activator protocolVersion 1 featureTags Vector()
Connected Clients: activator-9cdba772-e3b6-4309-880b-842730babc5b
Taking next connection to: 65130
New client attempting to connect on port: 65219-65130
  Address = /172.24.99.183:65130
Handshake exception on socket: 65219
sbt.impl.ipc.HandshakeException: Unable to perform handshake
	at sbt.impl.ipc.Peer.handshake(IPC.scala:46)
	at sbt.impl.ipc.MultiClientServer.<init>(IPC.scala:150)
	at sbt.server.SbtServerSocketHandler$$anon$1.run(SbtServerSocketHandler.scala:43)
Caused by: java.net.SocketException: Software caused connection abort: recv failed
	at java.net.SocketInputStream.socketRead0(Native Method)
	at java.net.SocketInputStream.read(SocketInputStream.java:152)
	at java.net.SocketInputStream.read(SocketInputStream.java:122)
	at java.io.BufferedInputStream.fill(BufferedInputStream.java:235)
	at java.io.BufferedInputStream.read(BufferedInputStream.java:254)
	at java.io.DataInputStream.readInt(DataInputStream.java:387)
	at sbt.impl.ipc.Peer.receive(IPC.scala:95)
	at sbt.impl.ipc.Peer.handshake(IPC.scala:49)
	... 2 more
Taking next connection to: 65130
New client attempting to connect on port: 65221-65130
  Address = /172.24.99.183:65130
This client on port 65221 has uuid 68d648a3-04dc-4497-9d5b-023f071c4ac3 configName play-fork-run humanReadableName Play Fork Run protocolVersion 1 featureTags Vector()
Connected Clients: activator-9cdba772-e3b6-4309-880b-842730babc5b, play-fork-run-68d648a3-04dc-4497-9d5b-023f071c4ac3
Taking next connection to: 65130
Checking to see if clients are empty...
We have 1 non-daemon clients, continuing serving connections.
Taking next connection to: 65130
Checking to see if clients are empty...
We have 1 non-daemon clients, continuing serving connections.
Taking next connection to: 65130
Checking to see if clients are empty...
We have 1 non-daemon clients, continuing serving connections.
Taking next connection to: 65130
Checking to see if clients are empty...
We have 1 non-daemon clients, continuing serving connections.
Taking next connection to: 65130
Checking to see if clients are empty...
We have 1 non-daemon clients, continuing serving connections.
Taking next connection to: 65130
