New log file opened at Mon May 11 18:25:02 COT 2015 by 260720@ISIS2503-33
jvm 260720@ISIS2503-33
jvm vmName=Java HotSpot(TM) 64-Bit Server VM vmVendor=Oracle Corporation vmVersion=24.71-b01
jvm specName=Java Virtual Machine Specification specVendor=Oracle Corporation specVersion=1.7
jvm arguments: [-Xms256m, -Xmx1024m, -XX:PermSize=64m, -XX:MaxPermSize=256m]
Starting event engine
Starting sbt command engine
Waiting for sbt command engine
Command engine arguments=List()
Command engine baseDirectory=C:\Users\template\Grupo-6\Grupo-6\arquisoft-app
Command engine initial remaining commands List(--initialize, onFailure load-failed, boot, server-send-ready-for-request, server-handle-next-server-request)
> --initialize
> initialize
> onFailure load-failed
> boot
> reload
[Loading] Scanning directory C:\Users\template\Grupo-6\Grupo-6\arquisoft-app\project
[Loading] Found non-root projects 
[Loading] Done in C:\Users\template\Grupo-6\Grupo-6\arquisoft-app\project, returning: ()
deducing auto plugins based on known facts Set(Atom(sbt.plugins.CorePlugin)) and clauses Clauses(List(Clause(Atom(sbt.plugins.JvmPlugin),Set(Atom(sbt.plugins.IvyPlugin))), Clause(Atom(sbt.plugins.JUnitXmlReportPlugin),Set(Atom(sbt.plugins.JvmPlugin))), Clause(Atom(sbt.plugins.CorePlugin),Set(Atom(sbt.plugins.IvyPlugin))), Clause(Atom(sbt.plugins.IvyPlugin),Set(Atom(sbt.plugins.JvmPlugin))), Clause(Atom(sbt.plugins.JvmPlugin),Set(Atom(sbt.plugins.JUnitXmlReportPlugin)))))
  :: deduced result: Matched(sbt.plugins.CorePlugin,sbt.plugins.IvyPlugin,sbt.plugins.JvmPlugin,sbt.plugins.JUnitXmlReportPlugin)
sorting: ns: List(sbt.plugins.CorePlugin, sbt.plugins.IvyPlugin, sbt.plugins.JvmPlugin, sbt.plugins.JUnitXmlReportPlugin)
  :: sorting:: found: List(sbt.plugins.CorePlugin) not found List(sbt.plugins.IvyPlugin, sbt.plugins.JvmPlugin, sbt.plugins.JUnitXmlReportPlugin)
  :: sorting:: found: List(sbt.plugins.CorePlugin, sbt.plugins.IvyPlugin) not found List(sbt.plugins.JvmPlugin, sbt.plugins.JUnitXmlReportPlugin)
  :: sorting:: found: List(sbt.plugins.CorePlugin, sbt.plugins.IvyPlugin, sbt.plugins.JvmPlugin) not found List(sbt.plugins.JUnitXmlReportPlugin)
  :: sorting:: found: List(sbt.plugins.CorePlugin, sbt.plugins.IvyPlugin, sbt.plugins.JvmPlugin, sbt.plugins.JUnitXmlReportPlugin) not found List()
  :: sorted deduced result: List(sbt.plugins.CorePlugin, sbt.plugins.IvyPlugin, sbt.plugins.JvmPlugin, sbt.plugins.JUnitXmlReportPlugin)
[Loading] Done in C:\Users\template\Grupo-6\Grupo-6\arquisoft-app\project, returning: (arquisoft-app-build)
Loading project definition from C:\Users\template\Grupo-6\Grupo-6\arquisoft-app\project
Running task... Cancel: sbt.TaskCancellationStrategy$Null$@60749036, check cycles: false

Initial source changes: 
	removed:Set()
	added: Set()
	modified: Set()
Removed products: Set()
External API changes: API Changes: Set()
Modified binary dependencies: Set()
Initial directly invalidated sources: Set()

Sources indirectly invalidated by:
	product: Set()
	binary dep: Set()
	external source: Set()
All initially invalidated sources: Set()

Copy resource mappings: 
	
[Loading] Scanning directory C:\Users\template\Grupo-6\Grupo-6\arquisoft-app
[Loading] Found root project root w/ remaining 
deducing auto plugins based on known facts Set(Atom(play.PlayJava), Atom(sbt.plugins.CorePlugin)) and clauses Clauses(List(Clause(Atom(sbt.plugins.JvmPlugin),Set(Atom(sbt.plugins.IvyPlugin))), Clause(Atom(sbt.plugins.JUnitXmlReportPlugin),Set(Atom(sbt.plugins.JvmPlugin))), Clause(Atom(play.sbt.forkrun.PlayForkRun),Set(Atom(sbt.plugins.BackgroundRunPlugin))), Clause(Atom(play.sbt.forkrun.PlayForkRun),Set(Atom(play.Play))), Clause(Atom(play.sbt.forkrun.PlayForkRun),Set(Atom(sbt.plugins.SerializersPlugin))), Clause(Atom(play.Play),Set(Atom(com.typesafe.sbt.webdriver.SbtWebDriver))), Clause(Atom(play.Play),Set(Atom(play.twirl.sbt.SbtTwirl))), Clause(Atom(play.Play),Set(Atom(com.typesafe.sbt.jse.SbtJsTask))), Clause(Atom(play.PlayJava),Set(Atom(play.Play))), Clause(Atom(play.PlayScala),Set(Atom(play.Play))), Clause(Atom(play.twirl.sbt.SbtTwirl),Set(Atom(sbt.plugins.JvmPlugin))), Clause(Atom(com.typesafe.sbt.jse.SbtJsEngine),Set(Atom(com.typesafe.sbt.web.SbtWeb))), Clause(Atom(com.typesafe.sbt.jse.SbtJsTask),Set(Atom(com.typesafe.sbt.jse.SbtJsEngine))), Clause(Atom(com.typesafe.sbt.webdriver.SbtWebDriver),Set(Atom(com.typesafe.sbt.web.SbtWeb))), Clause(Atom(sbt.plugins.BackgroundRunPlugin),Set(Atom(sbt.plugins.JvmPlugin))), Clause(Atom(com.typesafe.sbt.coffeescript.SbtCoffeeScript),Set(Atom(com.typesafe.sbt.jse.SbtJsTask))), Clause(Atom(com.typesafe.sbt.less.SbtLess),Set(Atom(com.typesafe.sbt.jse.SbtJsTask))), Clause(Atom(com.typesafe.sbt.jshint.SbtJSHint),Set(Atom(com.typesafe.sbt.jse.SbtJsTask))), Clause(Atom(com.typesafe.sbt.rjs.SbtRjs),Set(Atom(com.typesafe.sbt.jse.SbtJsTask))), Clause(Atom(com.typesafe.sbt.digest.SbtDigest),Set(Atom(com.typesafe.sbt.web.SbtWeb))), Clause(Atom(com.typesafe.sbt.mocha.SbtMocha),Set(Atom(com.typesafe.sbt.jse.SbtJsTask))), Clause(Atom(sbt.plugins.CorePlugin),Set(Atom(sbt.plugins.IvyPlugin))), Clause(Atom(sbt.plugins.IvyPlugin),Set(Atom(sbt.plugins.JvmPlugin))), Clause(Atom(sbt.plugins.JvmPlugin),Set(Atom(sbt.plugins.JUnitXmlReportPlugin))), Clause(And(Set(Atom(sbt.plugins.BackgroundRunPlugin), Atom(play.Play), Atom(sbt.plugins.SerializersPlugin))),Set(Atom(play.sbt.forkrun.PlayForkRun))), Clause(Atom(com.typesafe.sbt.web.SbtWeb),Set(Atom(com.typesafe.sbt.jse.SbtJsEngine))), Clause(Atom(com.typesafe.sbt.jse.SbtJsEngine),Set(Atom(com.typesafe.sbt.jse.SbtJsTask))), Clause(Atom(com.typesafe.sbt.web.SbtWeb),Set(Atom(com.typesafe.sbt.webdriver.SbtWebDriver))), Clause(Atom(sbt.plugins.JvmPlugin),Set(Atom(sbt.plugins.BackgroundRunPlugin))), Clause(Atom(sbt.plugins.CorePlugin),Set(Atom(sbt.plugins.InteractionServicePlugin))), Clause(Atom(sbt.plugins.CorePlugin),Set(Atom(sbt.plugins.SendEventServicePlugin))), Clause(Atom(sbt.plugins.CorePlugin),Set(Atom(sbt.plugins.SerializersPlugin))), Clause(Atom(com.typesafe.sbt.jse.SbtJsTask),Set(Atom(com.typesafe.sbt.coffeescript.SbtCoffeeScript))), Clause(Atom(com.typesafe.sbt.jse.SbtJsTask),Set(Atom(com.typesafe.sbt.less.SbtLess))), Clause(Atom(com.typesafe.sbt.jse.SbtJsTask),Set(Atom(com.typesafe.sbt.jshint.SbtJSHint))), Clause(Atom(com.typesafe.sbt.jse.SbtJsTask),Set(Atom(com.typesafe.sbt.rjs.SbtRjs))), Clause(Atom(com.typesafe.sbt.web.SbtWeb),Set(Atom(com.typesafe.sbt.digest.SbtDigest))), Clause(Atom(com.typesafe.sbt.jse.SbtJsTask),Set(Atom(com.typesafe.sbt.mocha.SbtMocha)))))
  :: deduced result: Matched(sbt.plugins.CorePlugin,play.PlayJava,sbt.plugins.InteractionServicePlugin,sbt.plugins.SendEventServicePlugin,play.Play,sbt.plugins.SerializersPlugin,sbt.plugins.IvyPlugin,sbt.plugins.JvmPlugin,com.typesafe.sbt.jse.SbtJsTask,play.twirl.sbt.SbtTwirl,com.typesafe.sbt.webdriver.SbtWebDriver,com.typesafe.sbt.jshint.SbtJSHint,sbt.plugins.JUnitXmlReportPlugin,com.typesafe.sbt.mocha.SbtMocha,com.typesafe.sbt.less.SbtLess,com.typesafe.sbt.web.SbtWeb,com.typesafe.sbt.rjs.SbtRjs,com.typesafe.sbt.jse.SbtJsEngine,com.typesafe.sbt.coffeescript.SbtCoffeeScript,sbt.plugins.BackgroundRunPlugin,com.typesafe.sbt.digest.SbtDigest,play.sbt.forkrun.PlayForkRun)
sorting: ns: List(sbt.plugins.CorePlugin, play.PlayJava, sbt.plugins.InteractionServicePlugin, sbt.plugins.SendEventServicePlugin, play.Play, sbt.plugins.SerializersPlugin, sbt.plugins.IvyPlugin, sbt.plugins.JvmPlugin, com.typesafe.sbt.jse.SbtJsTask, play.twirl.sbt.SbtTwirl, com.typesafe.sbt.webdriver.SbtWebDriver, com.typesafe.sbt.jshint.SbtJSHint, sbt.plugins.JUnitXmlReportPlugin, com.typesafe.sbt.mocha.SbtMocha, com.typesafe.sbt.less.SbtLess, com.typesafe.sbt.web.SbtWeb, com.typesafe.sbt.rjs.SbtRjs, com.typesafe.sbt.jse.SbtJsEngine, com.typesafe.sbt.coffeescript.SbtCoffeeScript, sbt.plugins.BackgroundRunPlugin, com.typesafe.sbt.digest.SbtDigest, play.sbt.forkrun.PlayForkRun)
  :: sorting:: found: List(sbt.plugins.CorePlugin, com.typesafe.sbt.web.SbtWeb) not found List(play.PlayJava, sbt.plugins.InteractionServicePlugin, sbt.plugins.SendEventServicePlugin, play.Play, sbt.plugins.SerializersPlugin, sbt.plugins.IvyPlugin, sbt.plugins.JvmPlugin, com.typesafe.sbt.jse.SbtJsTask, play.twirl.sbt.SbtTwirl, com.typesafe.sbt.webdriver.SbtWebDriver, com.typesafe.sbt.jshint.SbtJSHint, sbt.plugins.JUnitXmlReportPlugin, com.typesafe.sbt.mocha.SbtMocha, com.typesafe.sbt.less.SbtLess, com.typesafe.sbt.rjs.SbtRjs, com.typesafe.sbt.jse.SbtJsEngine, com.typesafe.sbt.coffeescript.SbtCoffeeScript, sbt.plugins.BackgroundRunPlugin, com.typesafe.sbt.digest.SbtDigest, play.sbt.forkrun.PlayForkRun)
  :: sorting:: found: List(sbt.plugins.CorePlugin, com.typesafe.sbt.web.SbtWeb, sbt.plugins.InteractionServicePlugin, sbt.plugins.SendEventServicePlugin, sbt.plugins.SerializersPlugin, sbt.plugins.IvyPlugin, com.typesafe.sbt.webdriver.SbtWebDriver, com.typesafe.sbt.jse.SbtJsEngine, com.typesafe.sbt.digest.SbtDigest) not found List(play.PlayJava, play.Play, sbt.plugins.JvmPlugin, com.typesafe.sbt.jse.SbtJsTask, play.twirl.sbt.SbtTwirl, com.typesafe.sbt.jshint.SbtJSHint, sbt.plugins.JUnitXmlReportPlugin, com.typesafe.sbt.mocha.SbtMocha, com.typesafe.sbt.less.SbtLess, com.typesafe.sbt.rjs.SbtRjs, com.typesafe.sbt.coffeescript.SbtCoffeeScript, sbt.plugins.BackgroundRunPlugin, play.sbt.forkrun.PlayForkRun)
  :: sorting:: found: List(sbt.plugins.CorePlugin, com.typesafe.sbt.web.SbtWeb, sbt.plugins.InteractionServicePlugin, sbt.plugins.SendEventServicePlugin, sbt.plugins.SerializersPlugin, sbt.plugins.IvyPlugin, com.typesafe.sbt.webdriver.SbtWebDriver, com.typesafe.sbt.jse.SbtJsEngine, com.typesafe.sbt.digest.SbtDigest, sbt.plugins.JvmPlugin, com.typesafe.sbt.jse.SbtJsTask) not found List(play.PlayJava, play.Play, play.twirl.sbt.SbtTwirl, com.typesafe.sbt.jshint.SbtJSHint, sbt.plugins.JUnitXmlReportPlugin, com.typesafe.sbt.mocha.SbtMocha, com.typesafe.sbt.less.SbtLess, com.typesafe.sbt.rjs.SbtRjs, com.typesafe.sbt.coffeescript.SbtCoffeeScript, sbt.plugins.BackgroundRunPlugin, play.sbt.forkrun.PlayForkRun)
  :: sorting:: found: List(sbt.plugins.CorePlugin, com.typesafe.sbt.web.SbtWeb, sbt.plugins.InteractionServicePlugin, sbt.plugins.SendEventServicePlugin, sbt.plugins.SerializersPlugin, sbt.plugins.IvyPlugin, com.typesafe.sbt.webdriver.SbtWebDriver, com.typesafe.sbt.jse.SbtJsEngine, com.typesafe.sbt.digest.SbtDigest, sbt.plugins.JvmPlugin, com.typesafe.sbt.jse.SbtJsTask, play.twirl.sbt.SbtTwirl, com.typesafe.sbt.jshint.SbtJSHint, sbt.plugins.JUnitXmlReportPlugin, com.typesafe.sbt.mocha.SbtMocha, com.typesafe.sbt.less.SbtLess, com.typesafe.sbt.rjs.SbtRjs, com.typesafe.sbt.coffeescript.SbtCoffeeScript, sbt.plugins.BackgroundRunPlugin) not found List(play.PlayJava, play.Play, play.sbt.forkrun.PlayForkRun)
  :: sorting:: found: List(sbt.plugins.CorePlugin, com.typesafe.sbt.web.SbtWeb, sbt.plugins.InteractionServicePlugin, sbt.plugins.SendEventServicePlugin, sbt.plugins.SerializersPlugin, sbt.plugins.IvyPlugin, com.typesafe.sbt.webdriver.SbtWebDriver, com.typesafe.sbt.jse.SbtJsEngine, com.typesafe.sbt.digest.SbtDigest, sbt.plugins.JvmPlugin, com.typesafe.sbt.jse.SbtJsTask, play.twirl.sbt.SbtTwirl, com.typesafe.sbt.jshint.SbtJSHint, sbt.plugins.JUnitXmlReportPlugin, com.typesafe.sbt.mocha.SbtMocha, com.typesafe.sbt.less.SbtLess, com.typesafe.sbt.rjs.SbtRjs, com.typesafe.sbt.coffeescript.SbtCoffeeScript, sbt.plugins.BackgroundRunPlugin, play.Play) not found List(play.PlayJava, play.sbt.forkrun.PlayForkRun)
  :: sorting:: found: List(sbt.plugins.CorePlugin, com.typesafe.sbt.web.SbtWeb, sbt.plugins.InteractionServicePlugin, sbt.plugins.SendEventServicePlugin, sbt.plugins.SerializersPlugin, sbt.plugins.IvyPlugin, com.typesafe.sbt.webdriver.SbtWebDriver, com.typesafe.sbt.jse.SbtJsEngine, com.typesafe.sbt.digest.SbtDigest, sbt.plugins.JvmPlugin, com.typesafe.sbt.jse.SbtJsTask, play.twirl.sbt.SbtTwirl, com.typesafe.sbt.jshint.SbtJSHint, sbt.plugins.JUnitXmlReportPlugin, com.typesafe.sbt.mocha.SbtMocha, com.typesafe.sbt.less.SbtLess, com.typesafe.sbt.rjs.SbtRjs, com.typesafe.sbt.coffeescript.SbtCoffeeScript, sbt.plugins.BackgroundRunPlugin, play.Play, play.PlayJava, play.sbt.forkrun.PlayForkRun) not found List()
  :: sorted deduced result: List(sbt.plugins.CorePlugin, com.typesafe.sbt.web.SbtWeb, sbt.plugins.InteractionServicePlugin, sbt.plugins.SendEventServicePlugin, sbt.plugins.SerializersPlugin, sbt.plugins.IvyPlugin, com.typesafe.sbt.webdriver.SbtWebDriver, com.typesafe.sbt.jse.SbtJsEngine, com.typesafe.sbt.digest.SbtDigest, sbt.plugins.JvmPlugin, com.typesafe.sbt.jse.SbtJsTask, play.twirl.sbt.SbtTwirl, com.typesafe.sbt.jshint.SbtJSHint, sbt.plugins.JUnitXmlReportPlugin, com.typesafe.sbt.mocha.SbtMocha, com.typesafe.sbt.less.SbtLess, com.typesafe.sbt.rjs.SbtRjs, com.typesafe.sbt.coffeescript.SbtCoffeeScript, sbt.plugins.BackgroundRunPlugin, play.Play, play.PlayJava, play.sbt.forkrun.PlayForkRun)
[Loading] Done in C:\Users\template\Grupo-6\Grupo-6\arquisoft-app, returning: (root)
Set current project to arquisoft-app (in build file:/C:/Users/template/Grupo-6/Grupo-6/arquisoft-app/)
Reapplying settings...
Set current project to arquisoft-app (in build file:/C:/Users/template/Grupo-6/Grupo-6/arquisoft-app/)
> iflast shell
> server-send-ready-for-request
> server-handle-next-server-request
> {file:/C:/Users/template/Grupo-6/Grupo-6/arquisoft-app/}root/compile:mainClass
Evaluating tasks: compile:mainClass
Running task... Cancel: sbt.server.ServerTaskCancellation@2992a07f, check cycles: false
Total time: 0 s, completed 11/05/2015 06:25:24 PM
> server-post-command-cleanup
> server-handle-next-server-request
> {file:/C:/Users/template/Grupo-6/Grupo-6/arquisoft-app/}root/compile:discoveredMainClasses
Evaluating tasks: compile:discoveredMainClasses
Running task... Cancel: sbt.server.ServerTaskCancellation@38fd077c, check cycles: false

Initial source changes: 
	removed:Set()
	added: Set(C:\Users\template\Grupo-6\Grupo-6\arquisoft-app\target\scala-2.11\twirl\main\views\html\Pacientes.template.scala)
	modified: Set(C:\Users\template\Grupo-6\Grupo-6\arquisoft-app\app\controllers\PacienteController.java)
Removed products: Set()
External API changes: API Changes: Set()
Modified binary dependencies: Set()
Initial directly invalidated sources: Set(C:\Users\template\Grupo-6\Grupo-6\arquisoft-app\app\controllers\PacienteController.java, C:\Users\template\Grupo-6\Grupo-6\arquisoft-app\target\scala-2.11\twirl\main\views\html\Pacientes.template.scala)

Sources indirectly invalidated by:
	product: Set()
	binary dep: Set()
	external source: Set()
All initially invalidated sources: Set(C:\Users\template\Grupo-6\Grupo-6\arquisoft-app\app\controllers\PacienteController.java, C:\Users\template\Grupo-6\Grupo-6\arquisoft-app\target\scala-2.11\twirl\main\views\html\Pacientes.template.scala)

Read from stdout: Compiling 1 Scala source and 1 Java source to C:\Users\template\Grupo-6\Grupo-6\arquisoft-app\target\scala-2.11\classes...
Compiling 1 Scala source and 1 Java source to C:\Users\template\Grupo-6\Grupo-6\arquisoft-app\target\scala-2.11\classes...
Getting compiler-interface from component compiler for Scala 2.11.1
Other repositories:
Default repositories:
Getting compiler-interface from component compiler for Scala 2.11.1
Other repositories:
Default repositories:
Running cached compiler 5a12fb1e, interfacing (CompilerInterface) with Scala compiler version 2.11.1
Calling Scala compiler with arguments  (CompilerInterface):
	-deprecation
	-unchecked
	-encoding
	utf8
	-bootclasspath
	C:\Program Files\Java\jdk1.7.0_71\jre\lib\resources.jar;C:\Program Files\Java\jdk1.7.0_71\jre\lib\rt.jar;C:\Program Files\Java\jdk1.7.0_71\jre\lib\sunrsasign.jar;C:\Program Files\Java\jdk1.7.0_71\jre\lib\jsse.jar;C:\Program Files\Java\jdk1.7.0_71\jre\lib\jce.jar;C:\Program Files\Java\jdk1.7.0_71\jre\lib\charsets.jar;C:\Program Files\Java\jdk1.7.0_71\jre\lib\jfr.jar;C:\Program Files\Java\jdk1.7.0_71\jre\classes;C:\Users\template\.ivy2\cache\org.scala-lang\scala-library\jars\scala-library-2.11.1.jar
	-classpath
	C:\Users\template\Grupo-6\Grupo-6\arquisoft-app\target\scala-2.11\classes;C:\Users\template\.ivy2\cache\com.typesafe.play\twirl-api_2.11\jars\twirl-api_2.11-1.0.2.jar;C:\Users\template\.ivy2\cache\org.apache.commons\commons-lang3\jars\commons-lang3-3.1.jar;C:\Users\template\.ivy2\cache\org.scala-lang.modules\scala-xml_2.11\bundles\scala-xml_2.11-1.0.1.jar;C:\Users\template\.ivy2\cache\com.typesafe.play\play_2.11\jars\play_2.11-2.3.8.jar;C:\Users\template\.ivy2\cache\com.typesafe.play\build-link\jars\build-link-2.3.8.jar;C:\Users\template\.ivy2\cache\com.typesafe.play\play-exceptions\jars\play-exceptions-2.3.8.jar;C:\Users\template\.ivy2\cache\com.typesafe.play\play-iteratees_2.11\jars\play-iteratees_2.11-2.3.8.jar;C:\Users\template\.ivy2\cache\org.scala-stm\scala-stm_2.11\jars\scala-stm_2.11-0.7.jar;C:\Users\template\.ivy2\cache\com.typesafe\config\bundles\config-1.2.1.jar;C:\Users\template\.ivy2\cache\com.typesafe.play\play-json_2.11\jars\play-json_2.11-2.3.8.jar;C:\Users\template\.ivy2\cache\com.typesafe.play\play-functional_2.11\jars\play-functional_2.11-2.3.8.jar;C:\Users\template\.ivy2\cache\com.typesafe.play\play-datacommons_2.11\jars\play-datacommons_2.11-2.3.8.jar;C:\Users\template\.ivy2\cache\joda-time\joda-time\jars\joda-time-2.3.jar;C:\Users\template\.ivy2\cache\org.joda\joda-convert\jars\joda-convert-1.6.jar;C:\Users\template\.ivy2\cache\com.fasterxml.jackson.core\jackson-annotations\bundles\jackson-annotations-2.3.2.jar;C:\Users\template\.ivy2\cache\com.fasterxml.jackson.core\jackson-core\bundles\jackson-core-2.3.2.jar;C:\Users\template\.ivy2\cache\com.fasterxml.jackson.core\jackson-databind\bundles\jackson-databind-2.3.2.jar;C:\Users\template\.ivy2\cache\org.scala-lang\scala-reflect\jars\scala-reflect-2.11.1.jar;C:\Users\template\.ivy2\cache\org.scala-lang.modules\scala-parser-combinators_2.11\bundles\scala-parser-combinators_2.11-1.0.1.jar;C:\Users\template\.ivy2\cache\io.netty\netty\bundles\netty-3.9.3.Final.jar;C:\Users\template\.ivy2\cache\com.typesafe.netty\netty-http-pipelining\jars\netty-http-pipelining-1.1.2.jar;C:\Users\template\.ivy2\cache\org.slf4j\slf4j-api\jars\slf4j-api-1.7.6.jar;C:\Users\template\.ivy2\cache\org.slf4j\jul-to-slf4j\jars\jul-to-slf4j-1.7.6.jar;C:\Users\template\.ivy2\cache\org.slf4j\jcl-over-slf4j\jars\jcl-over-slf4j-1.7.6.jar;C:\Users\template\.ivy2\cache\ch.qos.logback\logback-core\jars\logback-core-1.1.1.jar;C:\Users\template\.ivy2\cache\ch.qos.logback\logback-classic\jars\logback-classic-1.1.1.jar;C:\Users\template\.ivy2\cache\com.typesafe.akka\akka-actor_2.11\jars\akka-actor_2.11-2.3.4.jar;C:\Users\template\.ivy2\cache\com.typesafe.akka\akka-slf4j_2.11\jars\akka-slf4j_2.11-2.3.4.jar;C:\Users\template\.ivy2\cache\commons-codec\commons-codec\jars\commons-codec-1.9.jar;C:\Users\template\.ivy2\cache\xerces\xercesImpl\jars\xercesImpl-2.11.0.jar;C:\Users\template\.ivy2\cache\xml-apis\xml-apis\jars\xml-apis-1.4.01.jar;C:\Users\template\.ivy2\cache\javax.transaction\jta\jars\jta-1.1.jar;C:\Users\template\.ivy2\cache\com.typesafe.play\play-java_2.11\jars\play-java_2.11-2.3.8.jar;C:\Users\template\.ivy2\cache\org.yaml\snakeyaml\bundles\snakeyaml-1.13.jar;C:\Users\template\.ivy2\cache\org.hibernate\hibernate-validator\jars\hibernate-validator-5.0.3.Final.jar;C:\Users\template\.ivy2\cache\javax.validation\validation-api\jars\validation-api-1.1.0.Final.jar;C:\Users\template\.ivy2\cache\com.fasterxml\classmate\bundles\classmate-1.0.0.jar;C:\Users\template\.ivy2\cache\org.jboss.logging\jboss-logging\jars\jboss-logging-3.2.0.Final.jar;C:\Users\template\.ivy2\cache\org.springframework\spring-context\jars\spring-context-4.0.3.RELEASE.jar;C:\Users\template\.ivy2\cache\org.springframework\spring-core\jars\spring-core-4.0.3.RELEASE.jar;C:\Users\template\.ivy2\cache\org.springframework\spring-beans\jars\spring-beans-4.0.3.RELEASE.jar;C:\Users\template\.ivy2\cache\org.javassist\javassist\bundles\javassist-3.19.0-GA.jar;C:\Users\template\.ivy2\cache\org.reflections\reflections\jars\reflections-0.9.8.jar;C:\Users\template\.ivy2\cache\com.google.guava\guava\bundles\guava-16.0.1.jar;C:\Users\template\.ivy2\cache\dom4j\dom4j\jars\dom4j-1.6.1.jar;C:\Users\template\.ivy2\cache\com.google.code.findbugs\jsr305\jars\jsr305-2.0.3.jar;C:\Users\template\.ivy2\cache\org.apache.tomcat\tomcat-servlet-api\jars\tomcat-servlet-api-8.0.5.jar;C:\Users\template\.ivy2\cache\com.typesafe.play\play-java-jdbc_2.11\jars\play-java-jdbc_2.11-2.3.8.jar;C:\Users\template\.ivy2\cache\com.typesafe.play\play-jdbc_2.11\jars\play-jdbc_2.11-2.3.8.jar;C:\Users\template\.ivy2\cache\com.jolbox\bonecp\bundles\bonecp-0.8.0.RELEASE.jar;C:\Users\template\.ivy2\cache\com.h2database\h2\jars\h2-1.3.175.jar;C:\Users\template\.ivy2\cache\tyrex\tyrex\jars\tyrex-1.0.1.jar;C:\Users\template\.ivy2\cache\com.typesafe.play\play-java-ebean_2.11\jars\play-java-ebean_2.11-2.3.8.jar;C:\Users\template\.ivy2\cache\org.avaje.ebeanorm\avaje-ebeanorm\jars\avaje-ebeanorm-3.3.4.jar;C:\Users\template\.ivy2\cache\org.avaje.ebeanorm\avaje-ebeanorm-agent\jars\avaje-ebeanorm-agent-3.2.2.jar;C:\Users\template\.ivy2\cache\org.hibernate.javax.persistence\hibernate-jpa-2.0-api\jars\hibernate-jpa-2.0-api-1.0.1.Final.jar;C:\Users\template\.ivy2\cache\com.typesafe.play\play-cache_2.11\jars\play-cache_2.11-2.3.8.jar;C:\Users\template\.ivy2\cache\net.sf.ehcache\ehcache-core\jars\ehcache-core-2.6.8.jar;C:\Users\template\.ivy2\cache\com.typesafe.play\play-java-jpa_2.11\jars\play-java-jpa_2.11-2.3.8.jar;C:\Users\template\.ivy2\cache\com.typesafe.play\play-java-ws_2.11\jars\play-java-ws_2.11-2.3.8.jar;C:\Users\template\.ivy2\cache\com.typesafe.play\play-ws_2.11\jars\play-ws_2.11-2.3.8.jar;C:\Users\template\.ivy2\cache\com.ning\async-http-client\jars\async-http-client-1.8.15.jar;C:\Users\template\.ivy2\cache\oauth.signpost\signpost-core\jars\signpost-core-1.2.1.2.jar;C:\Users\template\.ivy2\cache\oauth.signpost\signpost-commonshttp4\jars\signpost-commonshttp4-1.2.1.2.jar;C:\Users\template\.ivy2\cache\org.apache.httpcomponents\httpcore\jars\httpcore-4.0.1.jar;C:\Users\template\.ivy2\cache\org.apache.httpcomponents\httpclient\jars\httpclient-4.0.1.jar;C:\Users\template\.ivy2\cache\commons-logging\commons-logging\jars\commons-logging-1.1.1.jar;C:\Users\template\.ivy2\cache\org.hibernate\hibernate-entitymanager\jars\hibernate-entitymanager-3.6.9.Final.jar;C:\Users\template\.ivy2\cache\org.hibernate\hibernate-core\jars\hibernate-core-3.6.9.Final.jar;C:\Users\template\.ivy2\cache\antlr\antlr\jars\antlr-2.7.6.jar;C:\Users\template\.ivy2\cache\commons-collections\commons-collections\jars\commons-collections-3.1.jar;C:\Users\template\.ivy2\cache\org.hibernate\hibernate-commons-annotations\jars\hibernate-commons-annotations-3.2.0.Final.jar;C:\Users\template\.ivy2\cache\cglib\cglib\jars\cglib-2.2.jar;C:\Users\template\.ivy2\cache\asm\asm\jars\asm-3.1.jar;C:\Users\template\.ivy2\cache\javassist\javassist\jars\javassist-3.12.0.GA.jar;C:\Users\template\.ivy2\cache\org.postgresql\postgresql\jars\postgresql-9.2-1003-jdbc4.jar;C:\Users\template\.ivy2\cache\org.webjars\bootstrap\jars\bootstrap-3.0.2.jar;C:\Users\template\.ivy2\cache\org.webjars\jquery\jars\jquery-1.9.0.jar;C:\Users\template\.ivy2\cache\org.codehaus.jackson\jackson-core-asl\jars\jackson-core-asl-1.9.13.jar;C:\Users\template\.ivy2\cache\be.objectify\deadbolt-java_2.11\jars\deadbolt-java_2.11-2.3.3.jar;C:\Users\template\.ivy2\cache\be.objectify\deadbolt-core_2.11\jars\deadbolt-core_2.11-2.3.3.jar
Read from stdout: C:\Users\template\Grupo-6\Grupo-6\arquisoft-app\app\views\Pacientes.scala.html:1: imported `Paciente' is permanently hidden by definition of object Paciente in package html
C:\Users\template\Grupo-6\Grupo-6\arquisoft-app\app\views\Pacientes.scala.html:1: imported `Paciente' is permanently hidden by definition of object Paciente in package html
Read from stdout: @* Pacientes Template File *@
@* Pacientes Template File *@
Read from stdout: ^
^
Read from stdout: one warning found
one warning found
Scala compilation took 13.735202798 s
Attempting to call com.sun.tools.javac.api.JavacTool@15aee56c directly...
Read from stdout: C:\Users\template\Grupo-6\Grupo-6\arquisoft-app\app\controllers\PacienteController.java:87: cannot find symbol
Read from stdout: symbol:   variable Pacientes
Read from stdout: location: class controllers.PacienteController
C:\Users\template\Grupo-6\Grupo-6\arquisoft-app\app\controllers\PacienteController.java:87: cannot find symbol
  symbol:   variable Pacientes
  location: class controllers.PacienteController
Read from stdout: Pacientes
Pacientes
Read from stdout: C:\Users\template\Grupo-6\Grupo-6\arquisoft-app\app\controllers\PacienteController.java: C:\Users\template\Grupo-6\Grupo-6\arquisoft-app\app\controllers\PacienteController.java uses unchecked or unsafe operations.
C:\Users\template\Grupo-6\Grupo-6\arquisoft-app\app\controllers\PacienteController.java: C:\Users\template\Grupo-6\Grupo-6\arquisoft-app\app\controllers\PacienteController.java uses unchecked or unsafe operations.
Read from stdout: C:\Users\template\Grupo-6\Grupo-6\arquisoft-app\app\controllers\PacienteController.java: Recompile with -Xlint:unchecked for details.
C:\Users\template\Grupo-6\Grupo-6\arquisoft-app\app\controllers\PacienteController.java: Recompile with -Xlint:unchecked for details.
Read from stdout: (compile:compileIncremental) javac returned nonzero exit code
(compile:compileIncremental) javac returned nonzero exit code
Total time: 20 s, completed 11/05/2015 06:25:45 PM
> server-post-command-error-handler
> server-post-command-cleanup
> server-handle-next-server-request
> {file:/C:/Users/template/Grupo-6/Grupo-6/arquisoft-app/}root/compile:discoveredMainClasses
Evaluating tasks: compile:discoveredMainClasses
Running task... Cancel: sbt.server.ServerTaskCancellation@6bc276, check cycles: false

Initial source changes: 
	removed:Set()
	added: Set(C:\Users\template\Grupo-6\Grupo-6\arquisoft-app\target\scala-2.11\twirl\main\views\html\Pacientes.template.scala)
	modified: Set(C:\Users\template\Grupo-6\Grupo-6\arquisoft-app\app\controllers\PacienteController.java)
Removed products: Set()
External API changes: API Changes: Set()
Modified binary dependencies: Set()
Initial directly invalidated sources: Set(C:\Users\template\Grupo-6\Grupo-6\arquisoft-app\app\controllers\PacienteController.java, C:\Users\template\Grupo-6\Grupo-6\arquisoft-app\target\scala-2.11\twirl\main\views\html\Pacientes.template.scala)

Sources indirectly invalidated by:
	product: Set()
	binary dep: Set()
	external source: Set()
All initially invalidated sources: Set(C:\Users\template\Grupo-6\Grupo-6\arquisoft-app\app\controllers\PacienteController.java, C:\Users\template\Grupo-6\Grupo-6\arquisoft-app\target\scala-2.11\twirl\main\views\html\Pacientes.template.scala)

Read from stdout: Compiling 1 Scala source and 1 Java source to C:\Users\template\Grupo-6\Grupo-6\arquisoft-app\target\scala-2.11\classes...
Compiling 1 Scala source and 1 Java source to C:\Users\template\Grupo-6\Grupo-6\arquisoft-app\target\scala-2.11\classes...
Getting compiler-interface from component compiler for Scala 2.11.1
Other repositories:
Default repositories:
Getting compiler-interface from component compiler for Scala 2.11.1
Other repositories:
Default repositories:
Running cached compiler 453d378f, interfacing (CompilerInterface) with Scala compiler version 2.11.1
Calling Scala compiler with arguments  (CompilerInterface):
	-deprecation
	-unchecked
	-encoding
	utf8
	-bootclasspath
	C:\Program Files\Java\jdk1.7.0_71\jre\lib\resources.jar;C:\Program Files\Java\jdk1.7.0_71\jre\lib\rt.jar;C:\Program Files\Java\jdk1.7.0_71\jre\lib\sunrsasign.jar;C:\Program Files\Java\jdk1.7.0_71\jre\lib\jsse.jar;C:\Program Files\Java\jdk1.7.0_71\jre\lib\jce.jar;C:\Program Files\Java\jdk1.7.0_71\jre\lib\charsets.jar;C:\Program Files\Java\jdk1.7.0_71\jre\lib\jfr.jar;C:\Program Files\Java\jdk1.7.0_71\jre\classes;C:\Users\template\.ivy2\cache\org.scala-lang\scala-library\jars\scala-library-2.11.1.jar
	-classpath
	C:\Users\template\Grupo-6\Grupo-6\arquisoft-app\target\scala-2.11\classes;C:\Users\template\.ivy2\cache\com.typesafe.play\twirl-api_2.11\jars\twirl-api_2.11-1.0.2.jar;C:\Users\template\.ivy2\cache\org.apache.commons\commons-lang3\jars\commons-lang3-3.1.jar;C:\Users\template\.ivy2\cache\org.scala-lang.modules\scala-xml_2.11\bundles\scala-xml_2.11-1.0.1.jar;C:\Users\template\.ivy2\cache\com.typesafe.play\play_2.11\jars\play_2.11-2.3.8.jar;C:\Users\template\.ivy2\cache\com.typesafe.play\build-link\jars\build-link-2.3.8.jar;C:\Users\template\.ivy2\cache\com.typesafe.play\play-exceptions\jars\play-exceptions-2.3.8.jar;C:\Users\template\.ivy2\cache\com.typesafe.play\play-iteratees_2.11\jars\play-iteratees_2.11-2.3.8.jar;C:\Users\template\.ivy2\cache\org.scala-stm\scala-stm_2.11\jars\scala-stm_2.11-0.7.jar;C:\Users\template\.ivy2\cache\com.typesafe\config\bundles\config-1.2.1.jar;C:\Users\template\.ivy2\cache\com.typesafe.play\play-json_2.11\jars\play-json_2.11-2.3.8.jar;C:\Users\template\.ivy2\cache\com.typesafe.play\play-functional_2.11\jars\play-functional_2.11-2.3.8.jar;C:\Users\template\.ivy2\cache\com.typesafe.play\play-datacommons_2.11\jars\play-datacommons_2.11-2.3.8.jar;C:\Users\template\.ivy2\cache\joda-time\joda-time\jars\joda-time-2.3.jar;C:\Users\template\.ivy2\cache\org.joda\joda-convert\jars\joda-convert-1.6.jar;C:\Users\template\.ivy2\cache\com.fasterxml.jackson.core\jackson-annotations\bundles\jackson-annotations-2.3.2.jar;C:\Users\template\.ivy2\cache\com.fasterxml.jackson.core\jackson-core\bundles\jackson-core-2.3.2.jar;C:\Users\template\.ivy2\cache\com.fasterxml.jackson.core\jackson-databind\bundles\jackson-databind-2.3.2.jar;C:\Users\template\.ivy2\cache\org.scala-lang\scala-reflect\jars\scala-reflect-2.11.1.jar;C:\Users\template\.ivy2\cache\org.scala-lang.modules\scala-parser-combinators_2.11\bundles\scala-parser-combinators_2.11-1.0.1.jar;C:\Users\template\.ivy2\cache\io.netty\netty\bundles\netty-3.9.3.Final.jar;C:\Users\template\.ivy2\cache\com.typesafe.netty\netty-http-pipelining\jars\netty-http-pipelining-1.1.2.jar;C:\Users\template\.ivy2\cache\org.slf4j\slf4j-api\jars\slf4j-api-1.7.6.jar;C:\Users\template\.ivy2\cache\org.slf4j\jul-to-slf4j\jars\jul-to-slf4j-1.7.6.jar;C:\Users\template\.ivy2\cache\org.slf4j\jcl-over-slf4j\jars\jcl-over-slf4j-1.7.6.jar;C:\Users\template\.ivy2\cache\ch.qos.logback\logback-core\jars\logback-core-1.1.1.jar;C:\Users\template\.ivy2\cache\ch.qos.logback\logback-classic\jars\logback-classic-1.1.1.jar;C:\Users\template\.ivy2\cache\com.typesafe.akka\akka-actor_2.11\jars\akka-actor_2.11-2.3.4.jar;C:\Users\template\.ivy2\cache\com.typesafe.akka\akka-slf4j_2.11\jars\akka-slf4j_2.11-2.3.4.jar;C:\Users\template\.ivy2\cache\commons-codec\commons-codec\jars\commons-codec-1.9.jar;C:\Users\template\.ivy2\cache\xerces\xercesImpl\jars\xercesImpl-2.11.0.jar;C:\Users\template\.ivy2\cache\xml-apis\xml-apis\jars\xml-apis-1.4.01.jar;C:\Users\template\.ivy2\cache\javax.transaction\jta\jars\jta-1.1.jar;C:\Users\template\.ivy2\cache\com.typesafe.play\play-java_2.11\jars\play-java_2.11-2.3.8.jar;C:\Users\template\.ivy2\cache\org.yaml\snakeyaml\bundles\snakeyaml-1.13.jar;C:\Users\template\.ivy2\cache\org.hibernate\hibernate-validator\jars\hibernate-validator-5.0.3.Final.jar;C:\Users\template\.ivy2\cache\javax.validation\validation-api\jars\validation-api-1.1.0.Final.jar;C:\Users\template\.ivy2\cache\com.fasterxml\classmate\bundles\classmate-1.0.0.jar;C:\Users\template\.ivy2\cache\org.jboss.logging\jboss-logging\jars\jboss-logging-3.2.0.Final.jar;C:\Users\template\.ivy2\cache\org.springframework\spring-context\jars\spring-context-4.0.3.RELEASE.jar;C:\Users\template\.ivy2\cache\org.springframework\spring-core\jars\spring-core-4.0.3.RELEASE.jar;C:\Users\template\.ivy2\cache\org.springframework\spring-beans\jars\spring-beans-4.0.3.RELEASE.jar;C:\Users\template\.ivy2\cache\org.javassist\javassist\bundles\javassist-3.19.0-GA.jar;C:\Users\template\.ivy2\cache\org.reflections\reflections\jars\reflections-0.9.8.jar;C:\Users\template\.ivy2\cache\com.google.guava\guava\bundles\guava-16.0.1.jar;C:\Users\template\.ivy2\cache\dom4j\dom4j\jars\dom4j-1.6.1.jar;C:\Users\template\.ivy2\cache\com.google.code.findbugs\jsr305\jars\jsr305-2.0.3.jar;C:\Users\template\.ivy2\cache\org.apache.tomcat\tomcat-servlet-api\jars\tomcat-servlet-api-8.0.5.jar;C:\Users\template\.ivy2\cache\com.typesafe.play\play-java-jdbc_2.11\jars\play-java-jdbc_2.11-2.3.8.jar;C:\Users\template\.ivy2\cache\com.typesafe.play\play-jdbc_2.11\jars\play-jdbc_2.11-2.3.8.jar;C:\Users\template\.ivy2\cache\com.jolbox\bonecp\bundles\bonecp-0.8.0.RELEASE.jar;C:\Users\template\.ivy2\cache\com.h2database\h2\jars\h2-1.3.175.jar;C:\Users\template\.ivy2\cache\tyrex\tyrex\jars\tyrex-1.0.1.jar;C:\Users\template\.ivy2\cache\com.typesafe.play\play-java-ebean_2.11\jars\play-java-ebean_2.11-2.3.8.jar;C:\Users\template\.ivy2\cache\org.avaje.ebeanorm\avaje-ebeanorm\jars\avaje-ebeanorm-3.3.4.jar;C:\Users\template\.ivy2\cache\org.avaje.ebeanorm\avaje-ebeanorm-agent\jars\avaje-ebeanorm-agent-3.2.2.jar;C:\Users\template\.ivy2\cache\org.hibernate.javax.persistence\hibernate-jpa-2.0-api\jars\hibernate-jpa-2.0-api-1.0.1.Final.jar;C:\Users\template\.ivy2\cache\com.typesafe.play\play-cache_2.11\jars\play-cache_2.11-2.3.8.jar;C:\Users\template\.ivy2\cache\net.sf.ehcache\ehcache-core\jars\ehcache-core-2.6.8.jar;C:\Users\template\.ivy2\cache\com.typesafe.play\play-java-jpa_2.11\jars\play-java-jpa_2.11-2.3.8.jar;C:\Users\template\.ivy2\cache\com.typesafe.play\play-java-ws_2.11\jars\play-java-ws_2.11-2.3.8.jar;C:\Users\template\.ivy2\cache\com.typesafe.play\play-ws_2.11\jars\play-ws_2.11-2.3.8.jar;C:\Users\template\.ivy2\cache\com.ning\async-http-client\jars\async-http-client-1.8.15.jar;C:\Users\template\.ivy2\cache\oauth.signpost\signpost-core\jars\signpost-core-1.2.1.2.jar;C:\Users\template\.ivy2\cache\oauth.signpost\signpost-commonshttp4\jars\signpost-commonshttp4-1.2.1.2.jar;C:\Users\template\.ivy2\cache\org.apache.httpcomponents\httpcore\jars\httpcore-4.0.1.jar;C:\Users\template\.ivy2\cache\org.apache.httpcomponents\httpclient\jars\httpclient-4.0.1.jar;C:\Users\template\.ivy2\cache\commons-logging\commons-logging\jars\commons-logging-1.1.1.jar;C:\Users\template\.ivy2\cache\org.hibernate\hibernate-entitymanager\jars\hibernate-entitymanager-3.6.9.Final.jar;C:\Users\template\.ivy2\cache\org.hibernate\hibernate-core\jars\hibernate-core-3.6.9.Final.jar;C:\Users\template\.ivy2\cache\antlr\antlr\jars\antlr-2.7.6.jar;C:\Users\template\.ivy2\cache\commons-collections\commons-collections\jars\commons-collections-3.1.jar;C:\Users\template\.ivy2\cache\org.hibernate\hibernate-commons-annotations\jars\hibernate-commons-annotations-3.2.0.Final.jar;C:\Users\template\.ivy2\cache\cglib\cglib\jars\cglib-2.2.jar;C:\Users\template\.ivy2\cache\asm\asm\jars\asm-3.1.jar;C:\Users\template\.ivy2\cache\javassist\javassist\jars\javassist-3.12.0.GA.jar;C:\Users\template\.ivy2\cache\org.postgresql\postgresql\jars\postgresql-9.2-1003-jdbc4.jar;C:\Users\template\.ivy2\cache\org.webjars\bootstrap\jars\bootstrap-3.0.2.jar;C:\Users\template\.ivy2\cache\org.webjars\jquery\jars\jquery-1.9.0.jar;C:\Users\template\.ivy2\cache\org.codehaus.jackson\jackson-core-asl\jars\jackson-core-asl-1.9.13.jar;C:\Users\template\.ivy2\cache\be.objectify\deadbolt-java_2.11\jars\deadbolt-java_2.11-2.3.3.jar;C:\Users\template\.ivy2\cache\be.objectify\deadbolt-core_2.11\jars\deadbolt-core_2.11-2.3.3.jar
Read from stdout: C:\Users\template\Grupo-6\Grupo-6\arquisoft-app\app\views\Pacientes.scala.html:1: imported `Paciente' is permanently hidden by definition of object Paciente in package html
C:\Users\template\Grupo-6\Grupo-6\arquisoft-app\app\views\Pacientes.scala.html:1: imported `Paciente' is permanently hidden by definition of object Paciente in package html
Read from stdout: @* Pacientes Template File *@
@* Pacientes Template File *@
Read from stdout: ^
^
Read from stdout: one warning found
one warning found
Scala compilation took 2.53648173 s
Attempting to call com.sun.tools.javac.api.JavacTool@403131d3 directly...
Read from stdout: C:\Users\template\Grupo-6\Grupo-6\arquisoft-app\app\controllers\PacienteController.java:87: cannot find symbol
Read from stdout: symbol:   variable Pacientes
Read from stdout: location: class controllers.PacienteController
C:\Users\template\Grupo-6\Grupo-6\arquisoft-app\app\controllers\PacienteController.java:87: cannot find symbol
  symbol:   variable Pacientes
  location: class controllers.PacienteController
Read from stdout: Pacientes
Pacientes
Read from stdout: C:\Users\template\Grupo-6\Grupo-6\arquisoft-app\app\controllers\PacienteController.java: C:\Users\template\Grupo-6\Grupo-6\arquisoft-app\app\controllers\PacienteController.java uses unchecked or unsafe operations.
C:\Users\template\Grupo-6\Grupo-6\arquisoft-app\app\controllers\PacienteController.java: C:\Users\template\Grupo-6\Grupo-6\arquisoft-app\app\controllers\PacienteController.java uses unchecked or unsafe operations.
Read from stdout: C:\Users\template\Grupo-6\Grupo-6\arquisoft-app\app\controllers\PacienteController.java: Recompile with -Xlint:unchecked for details.
C:\Users\template\Grupo-6\Grupo-6\arquisoft-app\app\controllers\PacienteController.java: Recompile with -Xlint:unchecked for details.
Read from stdout: (compile:compileIncremental) javac returned nonzero exit code
(compile:compileIncremental) javac returned nonzero exit code
Total time: 5 s, completed 11/05/2015 06:25:50 PM
> server-post-command-error-handler
> server-post-command-cleanup
> server-handle-next-server-request
> {file:/C:/Users/template/Grupo-6/Grupo-6/arquisoft-app/}root/compile:mainClass
Evaluating tasks: compile:mainClass
Running task... Cancel: sbt.server.ServerTaskCancellation@32564475, check cycles: false
Total time: 0 s, completed 11/05/2015 06:25:50 PM
> server-post-command-cleanup
> server-handle-next-server-request
> compile
Evaluating tasks: compile:compile
Running task... Cancel: sbt.server.ServerTaskCancellation@7b85cdd0, check cycles: false

Initial source changes: 
	removed:Set()
	added: Set(C:\Users\template\Grupo-6\Grupo-6\arquisoft-app\target\scala-2.11\twirl\main\views\html\Pacientes.template.scala)
	modified: Set(C:\Users\template\Grupo-6\Grupo-6\arquisoft-app\app\controllers\PacienteController.java)
Removed products: Set()
External API changes: API Changes: Set()
Modified binary dependencies: Set()
Initial directly invalidated sources: Set(C:\Users\template\Grupo-6\Grupo-6\arquisoft-app\app\controllers\PacienteController.java, C:\Users\template\Grupo-6\Grupo-6\arquisoft-app\target\scala-2.11\twirl\main\views\html\Pacientes.template.scala)

Sources indirectly invalidated by:
	product: Set()
	binary dep: Set()
	external source: Set()
All initially invalidated sources: Set(C:\Users\template\Grupo-6\Grupo-6\arquisoft-app\app\controllers\PacienteController.java, C:\Users\template\Grupo-6\Grupo-6\arquisoft-app\target\scala-2.11\twirl\main\views\html\Pacientes.template.scala)

Read from stdout: Compiling 1 Scala source and 1 Java source to C:\Users\template\Grupo-6\Grupo-6\arquisoft-app\target\scala-2.11\classes...
Compiling 1 Scala source and 1 Java source to C:\Users\template\Grupo-6\Grupo-6\arquisoft-app\target\scala-2.11\classes...
Getting compiler-interface from component compiler for Scala 2.11.1
Other repositories:
Default repositories:
Getting compiler-interface from component compiler for Scala 2.11.1
Other repositories:
Default repositories:
Running cached compiler 5fd47080, interfacing (CompilerInterface) with Scala compiler version 2.11.1
Calling Scala compiler with arguments  (CompilerInterface):
	-deprecation
	-unchecked
	-encoding
	utf8
	-bootclasspath
	C:\Program Files\Java\jdk1.7.0_71\jre\lib\resources.jar;C:\Program Files\Java\jdk1.7.0_71\jre\lib\rt.jar;C:\Program Files\Java\jdk1.7.0_71\jre\lib\sunrsasign.jar;C:\Program Files\Java\jdk1.7.0_71\jre\lib\jsse.jar;C:\Program Files\Java\jdk1.7.0_71\jre\lib\jce.jar;C:\Program Files\Java\jdk1.7.0_71\jre\lib\charsets.jar;C:\Program Files\Java\jdk1.7.0_71\jre\lib\jfr.jar;C:\Program Files\Java\jdk1.7.0_71\jre\classes;C:\Users\template\.ivy2\cache\org.scala-lang\scala-library\jars\scala-library-2.11.1.jar
	-classpath
	C:\Users\template\Grupo-6\Grupo-6\arquisoft-app\target\scala-2.11\classes;C:\Users\template\.ivy2\cache\com.typesafe.play\twirl-api_2.11\jars\twirl-api_2.11-1.0.2.jar;C:\Users\template\.ivy2\cache\org.apache.commons\commons-lang3\jars\commons-lang3-3.1.jar;C:\Users\template\.ivy2\cache\org.scala-lang.modules\scala-xml_2.11\bundles\scala-xml_2.11-1.0.1.jar;C:\Users\template\.ivy2\cache\com.typesafe.play\play_2.11\jars\play_2.11-2.3.8.jar;C:\Users\template\.ivy2\cache\com.typesafe.play\build-link\jars\build-link-2.3.8.jar;C:\Users\template\.ivy2\cache\com.typesafe.play\play-exceptions\jars\play-exceptions-2.3.8.jar;C:\Users\template\.ivy2\cache\com.typesafe.play\play-iteratees_2.11\jars\play-iteratees_2.11-2.3.8.jar;C:\Users\template\.ivy2\cache\org.scala-stm\scala-stm_2.11\jars\scala-stm_2.11-0.7.jar;C:\Users\template\.ivy2\cache\com.typesafe\config\bundles\config-1.2.1.jar;C:\Users\template\.ivy2\cache\com.typesafe.play\play-json_2.11\jars\play-json_2.11-2.3.8.jar;C:\Users\template\.ivy2\cache\com.typesafe.play\play-functional_2.11\jars\play-functional_2.11-2.3.8.jar;C:\Users\template\.ivy2\cache\com.typesafe.play\play-datacommons_2.11\jars\play-datacommons_2.11-2.3.8.jar;C:\Users\template\.ivy2\cache\joda-time\joda-time\jars\joda-time-2.3.jar;C:\Users\template\.ivy2\cache\org.joda\joda-convert\jars\joda-convert-1.6.jar;C:\Users\template\.ivy2\cache\com.fasterxml.jackson.core\jackson-annotations\bundles\jackson-annotations-2.3.2.jar;C:\Users\template\.ivy2\cache\com.fasterxml.jackson.core\jackson-core\bundles\jackson-core-2.3.2.jar;C:\Users\template\.ivy2\cache\com.fasterxml.jackson.core\jackson-databind\bundles\jackson-databind-2.3.2.jar;C:\Users\template\.ivy2\cache\org.scala-lang\scala-reflect\jars\scala-reflect-2.11.1.jar;C:\Users\template\.ivy2\cache\org.scala-lang.modules\scala-parser-combinators_2.11\bundles\scala-parser-combinators_2.11-1.0.1.jar;C:\Users\template\.ivy2\cache\io.netty\netty\bundles\netty-3.9.3.Final.jar;C:\Users\template\.ivy2\cache\com.typesafe.netty\netty-http-pipelining\jars\netty-http-pipelining-1.1.2.jar;C:\Users\template\.ivy2\cache\org.slf4j\slf4j-api\jars\slf4j-api-1.7.6.jar;C:\Users\template\.ivy2\cache\org.slf4j\jul-to-slf4j\jars\jul-to-slf4j-1.7.6.jar;C:\Users\template\.ivy2\cache\org.slf4j\jcl-over-slf4j\jars\jcl-over-slf4j-1.7.6.jar;C:\Users\template\.ivy2\cache\ch.qos.logback\logback-core\jars\logback-core-1.1.1.jar;C:\Users\template\.ivy2\cache\ch.qos.logback\logback-classic\jars\logback-classic-1.1.1.jar;C:\Users\template\.ivy2\cache\com.typesafe.akka\akka-actor_2.11\jars\akka-actor_2.11-2.3.4.jar;C:\Users\template\.ivy2\cache\com.typesafe.akka\akka-slf4j_2.11\jars\akka-slf4j_2.11-2.3.4.jar;C:\Users\template\.ivy2\cache\commons-codec\commons-codec\jars\commons-codec-1.9.jar;C:\Users\template\.ivy2\cache\xerces\xercesImpl\jars\xercesImpl-2.11.0.jar;C:\Users\template\.ivy2\cache\xml-apis\xml-apis\jars\xml-apis-1.4.01.jar;C:\Users\template\.ivy2\cache\javax.transaction\jta\jars\jta-1.1.jar;C:\Users\template\.ivy2\cache\com.typesafe.play\play-java_2.11\jars\play-java_2.11-2.3.8.jar;C:\Users\template\.ivy2\cache\org.yaml\snakeyaml\bundles\snakeyaml-1.13.jar;C:\Users\template\.ivy2\cache\org.hibernate\hibernate-validator\jars\hibernate-validator-5.0.3.Final.jar;C:\Users\template\.ivy2\cache\javax.validation\validation-api\jars\validation-api-1.1.0.Final.jar;C:\Users\template\.ivy2\cache\com.fasterxml\classmate\bundles\classmate-1.0.0.jar;C:\Users\template\.ivy2\cache\org.jboss.logging\jboss-logging\jars\jboss-logging-3.2.0.Final.jar;C:\Users\template\.ivy2\cache\org.springframework\spring-context\jars\spring-context-4.0.3.RELEASE.jar;C:\Users\template\.ivy2\cache\org.springframework\spring-core\jars\spring-core-4.0.3.RELEASE.jar;C:\Users\template\.ivy2\cache\org.springframework\spring-beans\jars\spring-beans-4.0.3.RELEASE.jar;C:\Users\template\.ivy2\cache\org.javassist\javassist\bundles\javassist-3.19.0-GA.jar;C:\Users\template\.ivy2\cache\org.reflections\reflections\jars\reflections-0.9.8.jar;C:\Users\template\.ivy2\cache\com.google.guava\guava\bundles\guava-16.0.1.jar;C:\Users\template\.ivy2\cache\dom4j\dom4j\jars\dom4j-1.6.1.jar;C:\Users\template\.ivy2\cache\com.google.code.findbugs\jsr305\jars\jsr305-2.0.3.jar;C:\Users\template\.ivy2\cache\org.apache.tomcat\tomcat-servlet-api\jars\tomcat-servlet-api-8.0.5.jar;C:\Users\template\.ivy2\cache\com.typesafe.play\play-java-jdbc_2.11\jars\play-java-jdbc_2.11-2.3.8.jar;C:\Users\template\.ivy2\cache\com.typesafe.play\play-jdbc_2.11\jars\play-jdbc_2.11-2.3.8.jar;C:\Users\template\.ivy2\cache\com.jolbox\bonecp\bundles\bonecp-0.8.0.RELEASE.jar;C:\Users\template\.ivy2\cache\com.h2database\h2\jars\h2-1.3.175.jar;C:\Users\template\.ivy2\cache\tyrex\tyrex\jars\tyrex-1.0.1.jar;C:\Users\template\.ivy2\cache\com.typesafe.play\play-java-ebean_2.11\jars\play-java-ebean_2.11-2.3.8.jar;C:\Users\template\.ivy2\cache\org.avaje.ebeanorm\avaje-ebeanorm\jars\avaje-ebeanorm-3.3.4.jar;C:\Users\template\.ivy2\cache\org.avaje.ebeanorm\avaje-ebeanorm-agent\jars\avaje-ebeanorm-agent-3.2.2.jar;C:\Users\template\.ivy2\cache\org.hibernate.javax.persistence\hibernate-jpa-2.0-api\jars\hibernate-jpa-2.0-api-1.0.1.Final.jar;C:\Users\template\.ivy2\cache\com.typesafe.play\play-cache_2.11\jars\play-cache_2.11-2.3.8.jar;C:\Users\template\.ivy2\cache\net.sf.ehcache\ehcache-core\jars\ehcache-core-2.6.8.jar;C:\Users\template\.ivy2\cache\com.typesafe.play\play-java-jpa_2.11\jars\play-java-jpa_2.11-2.3.8.jar;C:\Users\template\.ivy2\cache\com.typesafe.play\play-java-ws_2.11\jars\play-java-ws_2.11-2.3.8.jar;C:\Users\template\.ivy2\cache\com.typesafe.play\play-ws_2.11\jars\play-ws_2.11-2.3.8.jar;C:\Users\template\.ivy2\cache\com.ning\async-http-client\jars\async-http-client-1.8.15.jar;C:\Users\template\.ivy2\cache\oauth.signpost\signpost-core\jars\signpost-core-1.2.1.2.jar;C:\Users\template\.ivy2\cache\oauth.signpost\signpost-commonshttp4\jars\signpost-commonshttp4-1.2.1.2.jar;C:\Users\template\.ivy2\cache\org.apache.httpcomponents\httpcore\jars\httpcore-4.0.1.jar;C:\Users\template\.ivy2\cache\org.apache.httpcomponents\httpclient\jars\httpclient-4.0.1.jar;C:\Users\template\.ivy2\cache\commons-logging\commons-logging\jars\commons-logging-1.1.1.jar;C:\Users\template\.ivy2\cache\org.hibernate\hibernate-entitymanager\jars\hibernate-entitymanager-3.6.9.Final.jar;C:\Users\template\.ivy2\cache\org.hibernate\hibernate-core\jars\hibernate-core-3.6.9.Final.jar;C:\Users\template\.ivy2\cache\antlr\antlr\jars\antlr-2.7.6.jar;C:\Users\template\.ivy2\cache\commons-collections\commons-collections\jars\commons-collections-3.1.jar;C:\Users\template\.ivy2\cache\org.hibernate\hibernate-commons-annotations\jars\hibernate-commons-annotations-3.2.0.Final.jar;C:\Users\template\.ivy2\cache\cglib\cglib\jars\cglib-2.2.jar;C:\Users\template\.ivy2\cache\asm\asm\jars\asm-3.1.jar;C:\Users\template\.ivy2\cache\javassist\javassist\jars\javassist-3.12.0.GA.jar;C:\Users\template\.ivy2\cache\org.postgresql\postgresql\jars\postgresql-9.2-1003-jdbc4.jar;C:\Users\template\.ivy2\cache\org.webjars\bootstrap\jars\bootstrap-3.0.2.jar;C:\Users\template\.ivy2\cache\org.webjars\jquery\jars\jquery-1.9.0.jar;C:\Users\template\.ivy2\cache\org.codehaus.jackson\jackson-core-asl\jars\jackson-core-asl-1.9.13.jar;C:\Users\template\.ivy2\cache\be.objectify\deadbolt-java_2.11\jars\deadbolt-java_2.11-2.3.3.jar;C:\Users\template\.ivy2\cache\be.objectify\deadbolt-core_2.11\jars\deadbolt-core_2.11-2.3.3.jar
Read from stdout: C:\Users\template\Grupo-6\Grupo-6\arquisoft-app\app\views\Pacientes.scala.html:1: imported `Paciente' is permanently hidden by definition of object Paciente in package html
C:\Users\template\Grupo-6\Grupo-6\arquisoft-app\app\views\Pacientes.scala.html:1: imported `Paciente' is permanently hidden by definition of object Paciente in package html
Read from stdout: @* Pacientes Template File *@
@* Pacientes Template File *@
Read from stdout: ^
^
Read from stdout: one warning found
one warning found
Scala compilation took 4.113573934 s
Attempting to call com.sun.tools.javac.api.JavacTool@734f624c directly...
Read from stdout: C:\Users\template\Grupo-6\Grupo-6\arquisoft-app\app\controllers\PacienteController.java: C:\Users\template\Grupo-6\Grupo-6\arquisoft-app\app\controllers\PacienteController.java uses unchecked or unsafe operations.
C:\Users\template\Grupo-6\Grupo-6\arquisoft-app\app\controllers\PacienteController.java: C:\Users\template\Grupo-6\Grupo-6\arquisoft-app\app\controllers\PacienteController.java uses unchecked or unsafe operations.
Read from stdout: C:\Users\template\Grupo-6\Grupo-6\arquisoft-app\app\controllers\PacienteController.java: Recompile with -Xlint:unchecked for details.
C:\Users\template\Grupo-6\Grupo-6\arquisoft-app\app\controllers\PacienteController.java: Recompile with -Xlint:unchecked for details.
Java compilation took 1.606654826 s
Java analysis took 0.604127968 s
Java compile + analysis took 2.27683728 s
Invalidating C:\Users\template\Grupo-6\Grupo-6\arquisoft-app\app\controllers\PacienteController.java...
Invalidating (transitively) by inheritance from C:\Users\template\Grupo-6\Grupo-6\arquisoft-app\app\controllers\PacienteController.java...
Initial set of included nodes: Set(C:\Users\template\Grupo-6\Grupo-6\arquisoft-app\app\controllers\PacienteController.java)
Invalidated by transitive inheritance dependency: Set(C:\Users\template\Grupo-6\Grupo-6\arquisoft-app\app\controllers\PacienteController.java)
The C:\Users\template\Grupo-6\Grupo-6\arquisoft-app\app\controllers\PacienteController.java source file has the following regular definitions changed:
	getPaciente, getPacientes, deletePaciente, updatePaciente, createPaciente.
All member reference dependencies will be considered within this context.
Name hashing optimization doesn't apply to non-Scala dependency: C:\Users\template\Grupo-6\Grupo-6\arquisoft-app\app\controllers\PacienteController.java
The following modified names cause invalidation of C:\Users\template\Grupo-6\Grupo-6\arquisoft-app\target\scala-2.11\src_managed\main\routes_routing.scala: Set(getPaciente, getPacientes, createPaciente)
The following modified names cause invalidation of C:\Users\template\Grupo-6\Grupo-6\arquisoft-app\target\scala-2.11\src_managed\main\routes_reverseRouting.scala: Set(getPaciente, getPacientes, createPaciente)
Invalidating C:\Users\template\Grupo-6\Grupo-6\arquisoft-app\target\scala-2.11\twirl\main\views\html\Pacientes.template.scala...
Invalidating (transitively) by inheritance from C:\Users\template\Grupo-6\Grupo-6\arquisoft-app\target\scala-2.11\twirl\main\views\html\Pacientes.template.scala...
Initial set of included nodes: Set(C:\Users\template\Grupo-6\Grupo-6\arquisoft-app\target\scala-2.11\twirl\main\views\html\Pacientes.template.scala)
Invalidated by transitive inheritance dependency: Set(C:\Users\template\Grupo-6\Grupo-6\arquisoft-app\target\scala-2.11\twirl\main\views\html\Pacientes.template.scala)
The C:\Users\template\Grupo-6\Grupo-6\arquisoft-app\target\scala-2.11\twirl\main\views\html\Pacientes.template.scala source file has the following regular definitions changed:
	notify, format, wait, $asInstanceOf, productArity, equals, asInstanceOf, f, synchronized, _display_, $isInstanceOf, ref, Pacientes, canEqual, productPrefix, notifyAll, readResolve, isInstanceOf, apply, ==, clone, copy, toString, !=, getClass, copy$default$1, render, ne, eq, productIterator, ##, finalize, productElement, hashCode.
All member reference dependencies will be considered within this context.
New invalidations:
	Set(C:\Users\template\Grupo-6\Grupo-6\arquisoft-app\target\scala-2.11\src_managed\main\routes_routing.scala, C:\Users\template\Grupo-6\Grupo-6\arquisoft-app\target\scala-2.11\src_managed\main\routes_reverseRouting.scala)
Initial set of included nodes: Set(C:\Users\template\Grupo-6\Grupo-6\arquisoft-app\target\scala-2.11\src_managed\main\routes_routing.scala, C:\Users\template\Grupo-6\Grupo-6\arquisoft-app\target\scala-2.11\src_managed\main\routes_reverseRouting.scala)
Including C:\Users\template\Grupo-6\Grupo-6\arquisoft-app\target\scala-2.11\src_managed\main\routes_reverseRouting.scala by C:\Users\template\Grupo-6\Grupo-6\arquisoft-app\target\scala-2.11\src_managed\main\routes_routing.scala
Including C:\Users\template\Grupo-6\Grupo-6\arquisoft-app\app\controllers\Application.java by C:\Users\template\Grupo-6\Grupo-6\arquisoft-app\target\scala-2.11\src_managed\main\routes_reverseRouting.scala
Including C:\Users\template\Grupo-6\Grupo-6\arquisoft-app\target\scala-2.11\twirl\main\views\html\main.template.scala by C:\Users\template\Grupo-6\Grupo-6\arquisoft-app\target\scala-2.11\src_managed\main\routes_reverseRouting.scala
Including C:\Users\template\Grupo-6\Grupo-6\arquisoft-app\target\scala-2.11\twirl\main\views\html\Pacientes.template.scala by C:\Users\template\Grupo-6\Grupo-6\arquisoft-app\target\scala-2.11\twirl\main\views\html\main.template.scala
Including C:\Users\template\Grupo-6\Grupo-6\arquisoft-app\target\scala-2.11\twirl\main\views\html\Login.template.scala by C:\Users\template\Grupo-6\Grupo-6\arquisoft-app\target\scala-2.11\twirl\main\views\html\main.template.scala
Including C:\Users\template\Grupo-6\Grupo-6\arquisoft-app\target\scala-2.11\twirl\main\views\html\Profile.template.scala by C:\Users\template\Grupo-6\Grupo-6\arquisoft-app\target\scala-2.11\twirl\main\views\html\main.template.scala
Including C:\Users\template\Grupo-6\Grupo-6\arquisoft-app\target\scala-2.11\twirl\main\views\html\index.template.scala by C:\Users\template\Grupo-6\Grupo-6\arquisoft-app\target\scala-2.11\twirl\main\views\html\main.template.scala
Including C:\Users\template\Grupo-6\Grupo-6\arquisoft-app\app\controllers\Secured.java by C:\Users\template\Grupo-6\Grupo-6\arquisoft-app\target\scala-2.11\src_managed\main\routes_reverseRouting.scala
Including C:\Users\template\Grupo-6\Grupo-6\arquisoft-app\app\controllers\PacienteController.java by C:\Users\template\Grupo-6\Grupo-6\arquisoft-app\app\controllers\Secured.java
Including C:\Users\template\Grupo-6\Grupo-6\arquisoft-app\target\scala-2.11\src_managed\main\controllers\routes.java by C:\Users\template\Grupo-6\Grupo-6\arquisoft-app\target\scala-2.11\src_managed\main\routes_reverseRouting.scala
Including C:\Users\template\Grupo-6\Grupo-6\arquisoft-app\target\scala-2.11\twirl\main\views\html\verpaciente.template.scala by C:\Users\template\Grupo-6\Grupo-6\arquisoft-app\target\scala-2.11\src_managed\main\controllers\routes.java
Including C:\Users\template\Grupo-6\Grupo-6\arquisoft-app\target\scala-2.11\twirl\main\views\html\Paciente.template.scala by C:\Users\template\Grupo-6\Grupo-6\arquisoft-app\target\scala-2.11\src_managed\main\controllers\routes.java
Previously invalidated, but (transitively) depend on new invalidations:
	Set(C:\Users\template\Grupo-6\Grupo-6\arquisoft-app\app\controllers\PacienteController.java, C:\Users\template\Grupo-6\Grupo-6\arquisoft-app\target\scala-2.11\twirl\main\views\html\Pacientes.template.scala)
All newly invalidated sources after taking into account (previously) recompiled sources:Set(C:\Users\template\Grupo-6\Grupo-6\arquisoft-app\target\scala-2.11\src_managed\main\routes_routing.scala, C:\Users\template\Grupo-6\Grupo-6\arquisoft-app\target\scala-2.11\src_managed\main\routes_reverseRouting.scala)
Read from stdout: Compiling 3 Scala sources and 1 Java source to C:\Users\template\Grupo-6\Grupo-6\arquisoft-app\target\scala-2.11\classes...
Compiling 3 Scala sources and 1 Java source to C:\Users\template\Grupo-6\Grupo-6\arquisoft-app\target\scala-2.11\classes...
Getting compiler-interface from component compiler for Scala 2.11.1
Other repositories:
Default repositories:
Getting compiler-interface from component compiler for Scala 2.11.1
Other repositories:
Default repositories:
Running cached compiler 5ad11576, interfacing (CompilerInterface) with Scala compiler version 2.11.1
Calling Scala compiler with arguments  (CompilerInterface):
	-deprecation
	-unchecked
	-encoding
	utf8
	-bootclasspath
	C:\Program Files\Java\jdk1.7.0_71\jre\lib\resources.jar;C:\Program Files\Java\jdk1.7.0_71\jre\lib\rt.jar;C:\Program Files\Java\jdk1.7.0_71\jre\lib\sunrsasign.jar;C:\Program Files\Java\jdk1.7.0_71\jre\lib\jsse.jar;C:\Program Files\Java\jdk1.7.0_71\jre\lib\jce.jar;C:\Program Files\Java\jdk1.7.0_71\jre\lib\charsets.jar;C:\Program Files\Java\jdk1.7.0_71\jre\lib\jfr.jar;C:\Program Files\Java\jdk1.7.0_71\jre\classes;C:\Users\template\.ivy2\cache\org.scala-lang\scala-library\jars\scala-library-2.11.1.jar
	-classpath
	C:\Users\template\Grupo-6\Grupo-6\arquisoft-app\target\scala-2.11\classes;C:\Users\template\.ivy2\cache\com.typesafe.play\twirl-api_2.11\jars\twirl-api_2.11-1.0.2.jar;C:\Users\template\.ivy2\cache\org.apache.commons\commons-lang3\jars\commons-lang3-3.1.jar;C:\Users\template\.ivy2\cache\org.scala-lang.modules\scala-xml_2.11\bundles\scala-xml_2.11-1.0.1.jar;C:\Users\template\.ivy2\cache\com.typesafe.play\play_2.11\jars\play_2.11-2.3.8.jar;C:\Users\template\.ivy2\cache\com.typesafe.play\build-link\jars\build-link-2.3.8.jar;C:\Users\template\.ivy2\cache\com.typesafe.play\play-exceptions\jars\play-exceptions-2.3.8.jar;C:\Users\template\.ivy2\cache\com.typesafe.play\play-iteratees_2.11\jars\play-iteratees_2.11-2.3.8.jar;C:\Users\template\.ivy2\cache\org.scala-stm\scala-stm_2.11\jars\scala-stm_2.11-0.7.jar;C:\Users\template\.ivy2\cache\com.typesafe\config\bundles\config-1.2.1.jar;C:\Users\template\.ivy2\cache\com.typesafe.play\play-json_2.11\jars\play-json_2.11-2.3.8.jar;C:\Users\template\.ivy2\cache\com.typesafe.play\play-functional_2.11\jars\play-functional_2.11-2.3.8.jar;C:\Users\template\.ivy2\cache\com.typesafe.play\play-datacommons_2.11\jars\play-datacommons_2.11-2.3.8.jar;C:\Users\template\.ivy2\cache\joda-time\joda-time\jars\joda-time-2.3.jar;C:\Users\template\.ivy2\cache\org.joda\joda-convert\jars\joda-convert-1.6.jar;C:\Users\template\.ivy2\cache\com.fasterxml.jackson.core\jackson-annotations\bundles\jackson-annotations-2.3.2.jar;C:\Users\template\.ivy2\cache\com.fasterxml.jackson.core\jackson-core\bundles\jackson-core-2.3.2.jar;C:\Users\template\.ivy2\cache\com.fasterxml.jackson.core\jackson-databind\bundles\jackson-databind-2.3.2.jar;C:\Users\template\.ivy2\cache\org.scala-lang\scala-reflect\jars\scala-reflect-2.11.1.jar;C:\Users\template\.ivy2\cache\org.scala-lang.modules\scala-parser-combinators_2.11\bundles\scala-parser-combinators_2.11-1.0.1.jar;C:\Users\template\.ivy2\cache\io.netty\netty\bundles\netty-3.9.3.Final.jar;C:\Users\template\.ivy2\cache\com.typesafe.netty\netty-http-pipelining\jars\netty-http-pipelining-1.1.2.jar;C:\Users\template\.ivy2\cache\org.slf4j\slf4j-api\jars\slf4j-api-1.7.6.jar;C:\Users\template\.ivy2\cache\org.slf4j\jul-to-slf4j\jars\jul-to-slf4j-1.7.6.jar;C:\Users\template\.ivy2\cache\org.slf4j\jcl-over-slf4j\jars\jcl-over-slf4j-1.7.6.jar;C:\Users\template\.ivy2\cache\ch.qos.logback\logback-core\jars\logback-core-1.1.1.jar;C:\Users\template\.ivy2\cache\ch.qos.logback\logback-classic\jars\logback-classic-1.1.1.jar;C:\Users\template\.ivy2\cache\com.typesafe.akka\akka-actor_2.11\jars\akka-actor_2.11-2.3.4.jar;C:\Users\template\.ivy2\cache\com.typesafe.akka\akka-slf4j_2.11\jars\akka-slf4j_2.11-2.3.4.jar;C:\Users\template\.ivy2\cache\commons-codec\commons-codec\jars\commons-codec-1.9.jar;C:\Users\template\.ivy2\cache\xerces\xercesImpl\jars\xercesImpl-2.11.0.jar;C:\Users\template\.ivy2\cache\xml-apis\xml-apis\jars\xml-apis-1.4.01.jar;C:\Users\template\.ivy2\cache\javax.transaction\jta\jars\jta-1.1.jar;C:\Users\template\.ivy2\cache\com.typesafe.play\play-java_2.11\jars\play-java_2.11-2.3.8.jar;C:\Users\template\.ivy2\cache\org.yaml\snakeyaml\bundles\snakeyaml-1.13.jar;C:\Users\template\.ivy2\cache\org.hibernate\hibernate-validator\jars\hibernate-validator-5.0.3.Final.jar;C:\Users\template\.ivy2\cache\javax.validation\validation-api\jars\validation-api-1.1.0.Final.jar;C:\Users\template\.ivy2\cache\com.fasterxml\classmate\bundles\classmate-1.0.0.jar;C:\Users\template\.ivy2\cache\org.jboss.logging\jboss-logging\jars\jboss-logging-3.2.0.Final.jar;C:\Users\template\.ivy2\cache\org.springframework\spring-context\jars\spring-context-4.0.3.RELEASE.jar;C:\Users\template\.ivy2\cache\org.springframework\spring-core\jars\spring-core-4.0.3.RELEASE.jar;C:\Users\template\.ivy2\cache\org.springframework\spring-beans\jars\spring-beans-4.0.3.RELEASE.jar;C:\Users\template\.ivy2\cache\org.javassist\javassist\bundles\javassist-3.19.0-GA.jar;C:\Users\template\.ivy2\cache\org.reflections\reflections\jars\reflections-0.9.8.jar;C:\Users\template\.ivy2\cache\com.google.guava\guava\bundles\guava-16.0.1.jar;C:\Users\template\.ivy2\cache\dom4j\dom4j\jars\dom4j-1.6.1.jar;C:\Users\template\.ivy2\cache\com.google.code.findbugs\jsr305\jars\jsr305-2.0.3.jar;C:\Users\template\.ivy2\cache\org.apache.tomcat\tomcat-servlet-api\jars\tomcat-servlet-api-8.0.5.jar;C:\Users\template\.ivy2\cache\com.typesafe.play\play-java-jdbc_2.11\jars\play-java-jdbc_2.11-2.3.8.jar;C:\Users\template\.ivy2\cache\com.typesafe.play\play-jdbc_2.11\jars\play-jdbc_2.11-2.3.8.jar;C:\Users\template\.ivy2\cache\com.jolbox\bonecp\bundles\bonecp-0.8.0.RELEASE.jar;C:\Users\template\.ivy2\cache\com.h2database\h2\jars\h2-1.3.175.jar;C:\Users\template\.ivy2\cache\tyrex\tyrex\jars\tyrex-1.0.1.jar;C:\Users\template\.ivy2\cache\com.typesafe.play\play-java-ebean_2.11\jars\play-java-ebean_2.11-2.3.8.jar;C:\Users\template\.ivy2\cache\org.avaje.ebeanorm\avaje-ebeanorm\jars\avaje-ebeanorm-3.3.4.jar;C:\Users\template\.ivy2\cache\org.avaje.ebeanorm\avaje-ebeanorm-agent\jars\avaje-ebeanorm-agent-3.2.2.jar;C:\Users\template\.ivy2\cache\org.hibernate.javax.persistence\hibernate-jpa-2.0-api\jars\hibernate-jpa-2.0-api-1.0.1.Final.jar;C:\Users\template\.ivy2\cache\com.typesafe.play\play-cache_2.11\jars\play-cache_2.11-2.3.8.jar;C:\Users\template\.ivy2\cache\net.sf.ehcache\ehcache-core\jars\ehcache-core-2.6.8.jar;C:\Users\template\.ivy2\cache\com.typesafe.play\play-java-jpa_2.11\jars\play-java-jpa_2.11-2.3.8.jar;C:\Users\template\.ivy2\cache\com.typesafe.play\play-java-ws_2.11\jars\play-java-ws_2.11-2.3.8.jar;C:\Users\template\.ivy2\cache\com.typesafe.play\play-ws_2.11\jars\play-ws_2.11-2.3.8.jar;C:\Users\template\.ivy2\cache\com.ning\async-http-client\jars\async-http-client-1.8.15.jar;C:\Users\template\.ivy2\cache\oauth.signpost\signpost-core\jars\signpost-core-1.2.1.2.jar;C:\Users\template\.ivy2\cache\oauth.signpost\signpost-commonshttp4\jars\signpost-commonshttp4-1.2.1.2.jar;C:\Users\template\.ivy2\cache\org.apache.httpcomponents\httpcore\jars\httpcore-4.0.1.jar;C:\Users\template\.ivy2\cache\org.apache.httpcomponents\httpclient\jars\httpclient-4.0.1.jar;C:\Users\template\.ivy2\cache\commons-logging\commons-logging\jars\commons-logging-1.1.1.jar;C:\Users\template\.ivy2\cache\org.hibernate\hibernate-entitymanager\jars\hibernate-entitymanager-3.6.9.Final.jar;C:\Users\template\.ivy2\cache\org.hibernate\hibernate-core\jars\hibernate-core-3.6.9.Final.jar;C:\Users\template\.ivy2\cache\antlr\antlr\jars\antlr-2.7.6.jar;C:\Users\template\.ivy2\cache\commons-collections\commons-collections\jars\commons-collections-3.1.jar;C:\Users\template\.ivy2\cache\org.hibernate\hibernate-commons-annotations\jars\hibernate-commons-annotations-3.2.0.Final.jar;C:\Users\template\.ivy2\cache\cglib\cglib\jars\cglib-2.2.jar;C:\Users\template\.ivy2\cache\asm\asm\jars\asm-3.1.jar;C:\Users\template\.ivy2\cache\javassist\javassist\jars\javassist-3.12.0.GA.jar;C:\Users\template\.ivy2\cache\org.postgresql\postgresql\jars\postgresql-9.2-1003-jdbc4.jar;C:\Users\template\.ivy2\cache\org.webjars\bootstrap\jars\bootstrap-3.0.2.jar;C:\Users\template\.ivy2\cache\org.webjars\jquery\jars\jquery-1.9.0.jar;C:\Users\template\.ivy2\cache\org.codehaus.jackson\jackson-core-asl\jars\jackson-core-asl-1.9.13.jar;C:\Users\template\.ivy2\cache\be.objectify\deadbolt-java_2.11\jars\deadbolt-java_2.11-2.3.3.jar;C:\Users\template\.ivy2\cache\be.objectify\deadbolt-core_2.11\jars\deadbolt-core_2.11-2.3.3.jar
Read from stdout: C:\Users\template\Grupo-6\Grupo-6\arquisoft-app\app\views\Pacientes.scala.html:1: imported `Paciente' is permanently hidden by definition of object Paciente in package html
C:\Users\template\Grupo-6\Grupo-6\arquisoft-app\app\views\Pacientes.scala.html:1: imported `Paciente' is permanently hidden by definition of object Paciente in package html
Read from stdout: @* Pacientes Template File *@
@* Pacientes Template File *@
Read from stdout: ^
^
Read from stdout: one warning found
one warning found
Scala compilation took 11.46324463 s
Attempting to call com.sun.tools.javac.api.JavacTool@734f624c directly...
Read from stdout: C:\Users\template\Grupo-6\Grupo-6\arquisoft-app\app\controllers\PacienteController.java: C:\Users\template\Grupo-6\Grupo-6\arquisoft-app\app\controllers\PacienteController.java uses unchecked or unsafe operations.
C:\Users\template\Grupo-6\Grupo-6\arquisoft-app\app\controllers\PacienteController.java: C:\Users\template\Grupo-6\Grupo-6\arquisoft-app\app\controllers\PacienteController.java uses unchecked or unsafe operations.
Read from stdout: C:\Users\template\Grupo-6\Grupo-6\arquisoft-app\app\controllers\PacienteController.java: Recompile with -Xlint:unchecked for details.
C:\Users\template\Grupo-6\Grupo-6\arquisoft-app\app\controllers\PacienteController.java: Recompile with -Xlint:unchecked for details.
Java compilation took 1.48772875 s
Java analysis took 0.65164588 s
Java compile + analysis took 2.223288296 s
New invalidations:
	Set()
Initial set of included nodes: Set()
Previously invalidated, but (transitively) depend on new invalidations:
	Set()
All newly invalidated sources after taking into account (previously) recompiled sources:Set()
Total time: 26 s, completed 11/05/2015 06:29:11 PM
> server-post-command-cleanup
> server-handle-next-server-request
> backgroundRun
Evaluating tasks: compile:backgroundRun
Running task... Cancel: sbt.server.ServerTaskCancellation@730c622e, check cycles: false
Total time: 1 s, completed 11/05/2015 06:29:21 PM
> server-post-command-cleanup
> server-handle-next-server-request
> {file:/C:/Users/template/Grupo-6/Grupo-6/arquisoft-app/}root/*:playForkConfig
Evaluating tasks: *:playForkConfig
Running task... Cancel: sbt.server.ServerTaskCancellation@5df95ed4, check cycles: false
Total time: 1 s, completed 11/05/2015 06:29:29 PM
> server-post-command-cleanup
> server-handle-next-server-request
> root/playForkNotifyStart http://localhost:9000
Evaluating tasks: *:playForkNotifyStart
Running task... Cancel: sbt.server.ServerTaskCancellation@2df338b8, check cycles: false
Total time: 0 s, completed 11/05/2015 06:29:31 PM
> server-post-command-cleanup
> server-handle-next-server-request
> eclipse
About to create Eclipse project files for your project(s).
Running task... Cancel: sbt.TaskCancellationStrategy$Null$@60749036, check cycles: false

Initial source changes: 
	removed:Set()
	added: Set()
	modified: Set()
Removed products: Set()
External API changes: API Changes: Set()
Modified binary dependencies: Set()
Initial directly invalidated sources: Set()

Sources indirectly invalidated by:
	product: Set()
	binary dep: Set()
	external source: Set()
All initially invalidated sources: Set()

Copy resource mappings: 
	(C:\Users\template\Grupo-6\Grupo-6\arquisoft-app\conf\application.conf,C:\Users\template\Grupo-6\Grupo-6\arquisoft-app\target\scala-2.11\classes\application.conf)
	(C:\Users\template\Grupo-6\Grupo-6\arquisoft-app\conf\META-INF,C:\Users\template\Grupo-6\Grupo-6\arquisoft-app\target\scala-2.11\classes\META-INF)
	(C:\Users\template\Grupo-6\Grupo-6\arquisoft-app\conf\play.plugins,C:\Users\template\Grupo-6\Grupo-6\arquisoft-app\target\scala-2.11\classes\play.plugins)
	(C:\Users\template\Grupo-6\Grupo-6\arquisoft-app\conf\routes,C:\Users\template\Grupo-6\Grupo-6\arquisoft-app\target\scala-2.11\classes\routes)
	(C:\Users\template\Grupo-6\Grupo-6\arquisoft-app\conf\META-INF\persistence.xml,C:\Users\template\Grupo-6\Grupo-6\arquisoft-app\target\scala-2.11\classes\META-INF\persistence.xml)
Running task... Cancel: sbt.TaskCancellationStrategy$Null$@60749036, check cycles: false
Running task... Cancel: sbt.TaskCancellationStrategy$Null$@60749036, check cycles: false
External dependencies for configuration 'test' and withSource 'false' and withJavadoc 'false' and withBundledScalaContainers'true': Success(List(Lib(C:\Users\template\.ivy2\cache\org.scala-lang\scala-library\jars\scala-library-2.11.1.jar), Lib(C:\Users\template\.ivy2\cache\com.typesafe.play\twirl-api_2.11\jars\twirl-api_2.11-1.0.2.jar), Lib(C:\Users\template\.ivy2\cache\org.apache.commons\commons-lang3\jars\commons-lang3-3.1.jar), Lib(C:\Users\template\.ivy2\cache\org.scala-lang.modules\scala-xml_2.11\bundles\scala-xml_2.11-1.0.1.jar), Lib(C:\Users\template\.ivy2\cache\com.typesafe.play\play_2.11\jars\play_2.11-2.3.8.jar), Lib(C:\Users\template\.ivy2\cache\com.typesafe.play\build-link\jars\build-link-2.3.8.jar), Lib(C:\Users\template\.ivy2\cache\com.typesafe.play\play-exceptions\jars\play-exceptions-2.3.8.jar), Lib(C:\Users\template\.ivy2\cache\com.typesafe.play\play-iteratees_2.11\jars\play-iteratees_2.11-2.3.8.jar), Lib(C:\Users\template\.ivy2\cache\org.scala-stm\scala-stm_2.11\jars\scala-stm_2.11-0.7.jar), Lib(C:\Users\template\.ivy2\cache\com.typesafe\config\bundles\config-1.2.1.jar), Lib(C:\Users\template\.ivy2\cache\com.typesafe.play\play-json_2.11\jars\play-json_2.11-2.3.8.jar), Lib(C:\Users\template\.ivy2\cache\com.typesafe.play\play-functional_2.11\jars\play-functional_2.11-2.3.8.jar), Lib(C:\Users\template\.ivy2\cache\com.typesafe.play\play-datacommons_2.11\jars\play-datacommons_2.11-2.3.8.jar), Lib(C:\Users\template\.ivy2\cache\joda-time\joda-time\jars\joda-time-2.3.jar), Lib(C:\Users\template\.ivy2\cache\org.joda\joda-convert\jars\joda-convert-1.6.jar), Lib(C:\Users\template\.ivy2\cache\com.fasterxml.jackson.core\jackson-annotations\bundles\jackson-annotations-2.3.2.jar), Lib(C:\Users\template\.ivy2\cache\com.fasterxml.jackson.core\jackson-core\bundles\jackson-core-2.3.2.jar), Lib(C:\Users\template\.ivy2\cache\com.fasterxml.jackson.core\jackson-databind\bundles\jackson-databind-2.3.2.jar), Lib(C:\Users\template\.ivy2\cache\org.scala-lang\scala-reflect\jars\scala-reflect-2.11.1.jar), Lib(C:\Users\template\.ivy2\cache\org.scala-lang.modules\scala-parser-combinators_2.11\bundles\scala-parser-combinators_2.11-1.0.1.jar), Lib(C:\Users\template\.ivy2\cache\io.netty\netty\bundles\netty-3.9.3.Final.jar), Lib(C:\Users\template\.ivy2\cache\com.typesafe.netty\netty-http-pipelining\jars\netty-http-pipelining-1.1.2.jar), Lib(C:\Users\template\.ivy2\cache\org.slf4j\slf4j-api\jars\slf4j-api-1.7.6.jar), Lib(C:\Users\template\.ivy2\cache\org.slf4j\jul-to-slf4j\jars\jul-to-slf4j-1.7.6.jar), Lib(C:\Users\template\.ivy2\cache\org.slf4j\jcl-over-slf4j\jars\jcl-over-slf4j-1.7.6.jar), Lib(C:\Users\template\.ivy2\cache\ch.qos.logback\logback-core\jars\logback-core-1.1.1.jar), Lib(C:\Users\template\.ivy2\cache\ch.qos.logback\logback-classic\jars\logback-classic-1.1.1.jar), Lib(C:\Users\template\.ivy2\cache\com.typesafe.akka\akka-actor_2.11\jars\akka-actor_2.11-2.3.4.jar), Lib(C:\Users\template\.ivy2\cache\com.typesafe.akka\akka-slf4j_2.11\jars\akka-slf4j_2.11-2.3.4.jar), Lib(C:\Users\template\.ivy2\cache\commons-codec\commons-codec\jars\commons-codec-1.9.jar), Lib(C:\Users\template\.ivy2\cache\xerces\xercesImpl\jars\xercesImpl-2.11.0.jar), Lib(C:\Users\template\.ivy2\cache\xml-apis\xml-apis\jars\xml-apis-1.4.01.jar), Lib(C:\Users\template\.ivy2\cache\javax.transaction\jta\jars\jta-1.1.jar), Lib(C:\Users\template\.ivy2\cache\com.typesafe.play\play-java_2.11\jars\play-java_2.11-2.3.8.jar), Lib(C:\Users\template\.ivy2\cache\org.yaml\snakeyaml\bundles\snakeyaml-1.13.jar), Lib(C:\Users\template\.ivy2\cache\org.hibernate\hibernate-validator\jars\hibernate-validator-5.0.3.Final.jar), Lib(C:\Users\template\.ivy2\cache\javax.validation\validation-api\jars\validation-api-1.1.0.Final.jar), Lib(C:\Users\template\.ivy2\cache\com.fasterxml\classmate\bundles\classmate-1.0.0.jar), Lib(C:\Users\template\.ivy2\cache\org.jboss.logging\jboss-logging\jars\jboss-logging-3.2.0.Final.jar), Lib(C:\Users\template\.ivy2\cache\org.springframework\spring-context\jars\spring-context-4.0.3.RELEASE.jar), Lib(C:\Users\template\.ivy2\cache\org.springframework\spring-core\jars\spring-core-4.0.3.RELEASE.jar), Lib(C:\Users\template\.ivy2\cache\org.springframework\spring-beans\jars\spring-beans-4.0.3.RELEASE.jar), Lib(C:\Users\template\.ivy2\cache\org.javassist\javassist\bundles\javassist-3.19.0-GA.jar), Lib(C:\Users\template\.ivy2\cache\org.reflections\reflections\jars\reflections-0.9.8.jar), Lib(C:\Users\template\.ivy2\cache\com.google.guava\guava\bundles\guava-16.0.1.jar), Lib(C:\Users\template\.ivy2\cache\dom4j\dom4j\jars\dom4j-1.6.1.jar), Lib(C:\Users\template\.ivy2\cache\com.google.code.findbugs\jsr305\jars\jsr305-2.0.3.jar), Lib(C:\Users\template\.ivy2\cache\org.apache.tomcat\tomcat-servlet-api\jars\tomcat-servlet-api-8.0.5.jar), Lib(C:\Users\template\.ivy2\cache\com.typesafe.play\play-java-jdbc_2.11\jars\play-java-jdbc_2.11-2.3.8.jar), Lib(C:\Users\template\.ivy2\cache\com.typesafe.play\play-jdbc_2.11\jars\play-jdbc_2.11-2.3.8.jar), Lib(C:\Users\template\.ivy2\cache\com.jolbox\bonecp\bundles\bonecp-0.8.0.RELEASE.jar), Lib(C:\Users\template\.ivy2\cache\com.h2database\h2\jars\h2-1.3.175.jar), Lib(C:\Users\template\.ivy2\cache\tyrex\tyrex\jars\tyrex-1.0.1.jar), Lib(C:\Users\template\.ivy2\cache\com.typesafe.play\play-java-ebean_2.11\jars\play-java-ebean_2.11-2.3.8.jar), Lib(C:\Users\template\.ivy2\cache\org.avaje.ebeanorm\avaje-ebeanorm\jars\avaje-ebeanorm-3.3.4.jar), Lib(C:\Users\template\.ivy2\cache\org.avaje.ebeanorm\avaje-ebeanorm-agent\jars\avaje-ebeanorm-agent-3.2.2.jar), Lib(C:\Users\template\.ivy2\cache\org.hibernate.javax.persistence\hibernate-jpa-2.0-api\jars\hibernate-jpa-2.0-api-1.0.1.Final.jar), Lib(C:\Users\template\.ivy2\cache\com.typesafe.play\play-cache_2.11\jars\play-cache_2.11-2.3.8.jar), Lib(C:\Users\template\.ivy2\cache\net.sf.ehcache\ehcache-core\jars\ehcache-core-2.6.8.jar), Lib(C:\Users\template\.ivy2\cache\com.typesafe.play\play-java-jpa_2.11\jars\play-java-jpa_2.11-2.3.8.jar), Lib(C:\Users\template\.ivy2\cache\com.typesafe.play\play-java-ws_2.11\jars\play-java-ws_2.11-2.3.8.jar), Lib(C:\Users\template\.ivy2\cache\com.typesafe.play\play-ws_2.11\jars\play-ws_2.11-2.3.8.jar), Lib(C:\Users\template\.ivy2\cache\com.ning\async-http-client\jars\async-http-client-1.8.15.jar), Lib(C:\Users\template\.ivy2\cache\oauth.signpost\signpost-core\jars\signpost-core-1.2.1.2.jar), Lib(C:\Users\template\.ivy2\cache\oauth.signpost\signpost-commonshttp4\jars\signpost-commonshttp4-1.2.1.2.jar), Lib(C:\Users\template\.ivy2\cache\org.hibernate\hibernate-entitymanager\jars\hibernate-entitymanager-3.6.9.Final.jar), Lib(C:\Users\template\.ivy2\cache\org.hibernate\hibernate-core\jars\hibernate-core-3.6.9.Final.jar), Lib(C:\Users\template\.ivy2\cache\antlr\antlr\jars\antlr-2.7.6.jar), Lib(C:\Users\template\.ivy2\cache\org.hibernate\hibernate-commons-annotations\jars\hibernate-commons-annotations-3.2.0.Final.jar), Lib(C:\Users\template\.ivy2\cache\cglib\cglib\jars\cglib-2.2.jar), Lib(C:\Users\template\.ivy2\cache\asm\asm\jars\asm-3.1.jar), Lib(C:\Users\template\.ivy2\cache\javassist\javassist\jars\javassist-3.12.0.GA.jar), Lib(C:\Users\template\.ivy2\cache\org.postgresql\postgresql\jars\postgresql-9.2-1003-jdbc4.jar), Lib(C:\Users\template\.ivy2\cache\org.webjars\bootstrap\jars\bootstrap-3.0.2.jar), Lib(C:\Users\template\.ivy2\cache\org.webjars\jquery\jars\jquery-1.9.0.jar), Lib(C:\Users\template\.ivy2\cache\org.codehaus.jackson\jackson-core-asl\jars\jackson-core-asl-1.9.13.jar), Lib(C:\Users\template\.ivy2\cache\be.objectify\deadbolt-java_2.11\jars\deadbolt-java_2.11-2.3.3.jar), Lib(C:\Users\template\.ivy2\cache\be.objectify\deadbolt-core_2.11\jars\deadbolt-core_2.11-2.3.3.jar), Lib(C:\Users\template\.ivy2\cache\com.typesafe.play\play-test_2.11\jars\play-test_2.11-2.3.8.jar), Lib(C:\Users\template\.ivy2\cache\junit\junit\jars\junit-4.11.jar), Lib(C:\Users\template\.ivy2\cache\org.hamcrest\hamcrest-core\jars\hamcrest-core-1.3.jar), Lib(C:\Users\template\.ivy2\cache\org.specs2\specs2-core_2.11\jars\specs2-core_2.11-2.3.12.jar), Lib(C:\Users\template\.ivy2\cache\org.specs2\specs2-matcher_2.11\jars\specs2-matcher_2.11-2.3.12.jar), Lib(C:\Users\template\.ivy2\cache\org.specs2\specs2-common_2.11\jars\specs2-common_2.11-2.3.12.jar), Lib(C:\Users\template\.ivy2\cache\org.scalaz\scalaz-core_2.11\bundles\scalaz-core_2.11-7.0.6.jar), Lib(C:\Users\template\.ivy2\cache\org.scalaz\scalaz-concurrent_2.11\bundles\scalaz-concurrent_2.11-7.0.6.jar), Lib(C:\Users\template\.ivy2\cache\org.scalaz\scalaz-effect_2.11\bundles\scalaz-effect_2.11-7.0.6.jar), Lib(C:\Users\template\.ivy2\cache\org.specs2\specs2-junit_2.11\jars\specs2-junit_2.11-2.3.12.jar), Lib(C:\Users\template\.ivy2\cache\org.specs2\specs2-mock_2.11\jars\specs2-mock_2.11-2.3.12.jar), Lib(C:\Users\template\.ivy2\cache\org.mockito\mockito-core\jars\mockito-core-1.9.5.jar), Lib(C:\Users\template\.ivy2\cache\org.objenesis\objenesis\jars\objenesis-1.0.jar), Lib(C:\Users\template\.ivy2\cache\org.specs2\specs2-matcher-extra_2.11\jars\specs2-matcher-extra_2.11-2.3.12.jar), Lib(C:\Users\template\.ivy2\cache\org.specs2\specs2-analysis_2.11\jars\specs2-analysis_2.11-2.3.12.jar), Lib(C:\Users\template\.ivy2\cache\org.scala-lang\scala-compiler\jars\scala-compiler-2.11.0.jar), Lib(C:\Users\template\.ivy2\cache\org.specs2\classycle\jars\classycle-1.4.3.jar), Lib(C:\Users\template\.ivy2\cache\com.novocode\junit-interface\jars\junit-interface-0.11-RC1.jar), Lib(C:\Users\template\.ivy2\cache\org.scala-sbt\test-interface\jars\test-interface-1.0.jar), Lib(C:\Users\template\.ivy2\cache\org.fluentlenium\fluentlenium-festassert\jars\fluentlenium-festassert-0.9.2.jar), Lib(C:\Users\template\.ivy2\cache\org.fluentlenium\fluentlenium-core\jars\fluentlenium-core-0.9.2.jar), Lib(C:\Users\template\.ivy2\cache\org.seleniumhq.selenium\selenium-java\jars\selenium-java-2.39.0.jar), Lib(C:\Users\template\.ivy2\cache\org.seleniumhq.selenium\selenium-android-driver\jars\selenium-android-driver-2.39.0.jar), Lib(C:\Users\template\.ivy2\cache\org.seleniumhq.selenium\selenium-remote-driver\jars\selenium-remote-driver-2.39.0.jar), Lib(C:\Users\template\.ivy2\cache\cglib\cglib-nodep\jars\cglib-nodep-2.1_3.jar), Lib(C:\Users\template\.ivy2\cache\org.json\json\jars\json-20080701.jar), Lib(C:\Users\template\.ivy2\cache\org.seleniumhq.selenium\selenium-api\jars\selenium-api-2.39.0.jar), Lib(C:\Users\template\.ivy2\cache\org.apache.httpcomponents\httpclient\jars\httpclient-4.3.1.jar), Lib(C:\Users\template\.ivy2\cache\org.apache.httpcomponents\httpcore\jars\httpcore-4.3.jar), Lib(C:\Users\template\.ivy2\cache\commons-logging\commons-logging\jars\commons-logging-1.1.3.jar), Lib(C:\Users\template\.ivy2\cache\org.apache.commons\commons-exec\jars\commons-exec-1.1.jar), Lib(C:\Users\template\.ivy2\cache\net.java.dev.jna\jna\jars\jna-3.4.0.jar), Lib(C:\Users\template\.ivy2\cache\net.java.dev.jna\platform\jars\platform-3.4.0.jar), Lib(C:\Users\template\.ivy2\cache\org.seleniumhq.selenium\selenium-chrome-driver\jars\selenium-chrome-driver-2.39.0.jar), Lib(C:\Users\template\.ivy2\cache\org.seleniumhq.selenium\selenium-htmlunit-driver\jars\selenium-htmlunit-driver-2.39.0.jar), Lib(C:\Users\template\.ivy2\cache\net.sourceforge.htmlunit\htmlunit\jars\htmlunit-2.13.jar), Lib(C:\Users\template\.ivy2\cache\xalan\xalan\jars\xalan-2.7.1.jar), Lib(C:\Users\template\.ivy2\cache\xalan\serializer\jars\serializer-2.7.1.jar), Lib(C:\Users\template\.ivy2\cache\commons-collections\commons-collections\jars\commons-collections-3.2.1.jar), Lib(C:\Users\template\.ivy2\cache\org.apache.httpcomponents\httpmime\jars\httpmime-4.3.1.jar), Lib(C:\Users\template\.ivy2\cache\net.sourceforge.htmlunit\htmlunit-core-js\jars\htmlunit-core-js-2.13.jar), Lib(C:\Users\template\.ivy2\cache\net.sourceforge.nekohtml\nekohtml\jars\nekohtml-1.9.19.jar), Lib(C:\Users\template\.ivy2\cache\net.sourceforge.cssparser\cssparser\jars\cssparser-0.9.11.jar), Lib(C:\Users\template\.ivy2\cache\org.w3c.css\sac\jars\sac-1.3.jar), Lib(C:\Users\template\.ivy2\cache\commons-io\commons-io\jars\commons-io-2.2.jar), Lib(C:\Users\template\.ivy2\cache\org.eclipse.jetty\jetty-websocket\jars\jetty-websocket-8.1.12.v20130726.jar), Lib(C:\Users\template\.ivy2\cache\org.eclipse.jetty\jetty-util\jars\jetty-util-8.1.12.v20130726.jar), Lib(C:\Users\template\.ivy2\cache\org.eclipse.jetty\jetty-io\jars\jetty-io-8.1.12.v20130726.jar), Lib(C:\Users\template\.ivy2\cache\org.eclipse.jetty\jetty-http\jars\jetty-http-8.1.12.v20130726.jar), Lib(C:\Users\template\.ivy2\cache\org.seleniumhq.selenium\selenium-firefox-driver\jars\selenium-firefox-driver-2.39.0.jar), Lib(C:\Users\template\.ivy2\cache\org.seleniumhq.selenium\selenium-ie-driver\jars\selenium-ie-driver-2.39.0.jar), Lib(C:\Users\template\.ivy2\cache\org.seleniumhq.selenium\selenium-iphone-driver\jars\selenium-iphone-driver-2.39.0.jar), Lib(C:\Users\template\.ivy2\cache\org.seleniumhq.selenium\selenium-safari-driver\jars\selenium-safari-driver-2.39.0.jar), Lib(C:\Users\template\.ivy2\cache\org.webbitserver\webbit\jars\webbit-0.4.14.jar), Lib(C:\Users\template\.ivy2\cache\org.seleniumhq.selenium\selenium-support\jars\selenium-support-2.39.0.jar), Lib(C:\Users\template\.ivy2\cache\org.easytesting\fest-assert\jars\fest-assert-1.4.jar), Lib(C:\Users\template\.ivy2\cache\org.easytesting\fest-util\jars\fest-util-1.1.6.jar)))
Project dependencies for configuration 'compile': Success(List())
Project dependencies for configuration 'test': Success(List())
Running task... Cancel: sbt.TaskCancellationStrategy$Null$@60749036, check cycles: false

Initial source changes: 
	removed:Set()
	added: Set()
	modified: Set()
Removed products: Set()
External API changes: API Changes: Set()
Modified binary dependencies: Set()
Initial directly invalidated sources: Set()

Sources indirectly invalidated by:
	product: Set()
	binary dep: Set()
	external source: Set()
All initially invalidated sources: Set()

Successfully created Eclipse project files for project(s):
arquisoft-app
> server-post-command-cleanup
> server-handle-next-server-request
> jobStop 1
Evaluating tasks: *:jobStop
Running task... Cancel: sbt.server.ServerTaskCancellation@59676939, check cycles: false
Total time: 0 s, completed 11/05/2015 06:31:59 PM
> server-post-command-cleanup
> server-handle-next-server-request
> jobStop 1
Evaluating tasks: *:jobStop
Running task... Cancel: sbt.server.ServerTaskCancellation@6614e894, check cycles: false
Exception in thread "sbt-bg-threads-1" java.lang.Error: java.lang.InterruptedException: sleep interrupted
	at java.util.concurrent.ThreadPoolExecutor.runWorker(ThreadPoolExecutor.java:1151)
	at java.util.concurrent.ThreadPoolExecutor$Worker.run(ThreadPoolExecutor.java:615)
	at java.lang.Thread.run(Thread.java:745)
Caused by: java.lang.InterruptedException: sleep interrupted
	at java.lang.Thread.sleep(Native Method)
	at play.sbt.forkrun.PlayForkProcess$.timedWaitFor$1(PlayForkProcess.scala:57)
	at play.sbt.forkrun.PlayForkProcess$.play$sbt$forkrun$PlayForkProcess$$stop$1(PlayForkProcess.scala:64)
	at play.sbt.forkrun.PlayForkProcess$.run(PlayForkProcess.scala:82)
	at play.sbt.forkrun.PlayForkProcess$.apply(PlayForkProcess.scala:34)
	at play.sbt.forkrun.PlayForkRun$$anonfun$backgroundForkRunTask$1$$anonfun$apply$7$$anonfun$apply$8$$anonfun$apply$9.apply(PlayForkRun.scala:108)
	at play.sbt.forkrun.PlayForkRun$$anonfun$backgroundForkRunTask$1$$anonfun$apply$7$$anonfun$apply$8$$anonfun$apply$9.apply(PlayForkRun.scala:107)
	at sbt.BackgroundThreadPool$$anonfun$1.apply$mcV$sp(AbstractBackgroundJobService.scala:134)
	at sbt.BackgroundThreadPool$BackgroundRunnable.run(AbstractBackgroundJobService.scala:68)
	at java.util.concurrent.ThreadPoolExecutor.runWorker(ThreadPoolExecutor.java:1145)
	... 2 more
Total time: 0 s, completed 11/05/2015 06:32:03 PM
> server-post-command-cleanup
> server-handle-next-server-request
